<?xml version="1.0" encoding="UTF-8"?>
<robot generator="Robot 3.2.1 (Python 3.8.3 on win32)" generated="20200707 11:19:17.771" rpa="false">
<suite id="s1" name="Testes" source="C:\api-project\API\Testes">
<suite id="s1-s1" name="TestCasesAPIRequests" source="C:\api-project\API\Testes\TestCasesAPIRequests.robot">
<test id="s1-s1-t1" name="Cenário 01: Consulta de endereço existente">
<kw name="Dado que esteja conectado no webservice de consultas de CEP" library="BDDpt-br">
<kw name="Run Keyword" library="BuiltIn">
<doc>Executes the given keyword with the given arguments.</doc>
<arguments>
<arg>${keyword}</arg>
</arguments>
<kw name="Que esteja conectado no webservice de consultas de CEP" library="Resource">
<kw name="Conecta ao WebService" library="Resource">
<kw name="Create Session" library="RequestsLibrary">
<doc>Create Session: create a HTTP session to a server</doc>
<arguments>
<arg>consultaCEP</arg>
<arg>${HOST}</arg>
</arguments>
<msg timestamp="20200707 11:19:17.929" level="INFO">Creating Session using : alias=consultaCEP, url=https://financeiro.hostgator.com.br/api/v3/checkout/cep/, headers={},                     cookies={}, auth=None, timeout=None, proxies=None, verify=False,                     debug=0 </msg>
<status status="PASS" starttime="20200707 11:19:17.929" endtime="20200707 11:19:17.929"></status>
</kw>
<status status="PASS" starttime="20200707 11:19:17.928" endtime="20200707 11:19:17.929"></status>
</kw>
<status status="PASS" starttime="20200707 11:19:17.927" endtime="20200707 11:19:17.929"></status>
</kw>
<status status="PASS" starttime="20200707 11:19:17.927" endtime="20200707 11:19:17.929"></status>
</kw>
<status status="PASS" starttime="20200707 11:19:17.927" endtime="20200707 11:19:17.930"></status>
</kw>
<kw name="Quando o usuário consultar o CEP &quot;88036001&quot;" library="BDDpt-br">
<kw name="Run Keyword" library="BuiltIn">
<doc>Executes the given keyword with the given arguments.</doc>
<arguments>
<arg>${keyword}</arg>
</arguments>
<kw name="o usuário consultar o CEP &quot;88036001&quot;" library="Resource">
<kw name="Realiza requisição do CEP" library="Resource">
<arguments>
<arg>${CEP_CONSULTADO}</arg>
</arguments>
<kw name="Get Request" library="RequestsLibrary">
<doc>Send a GET request on the session object found using the
given `alias`</doc>
<arguments>
<arg>consultaCEP</arg>
<arg>/${CEP_DESEJADO}</arg>
</arguments>
<assign>
<var>${RESPOSTA}</var>
</assign>
<msg timestamp="20200707 11:19:18.602" level="INFO">GET Request : url=https://financeiro.hostgator.com.br/api/v3/checkout/cep//88036001 
 path_url=/api/v3/checkout/cep//88036001 
 headers={'User-Agent': 'python-requests/2.24.0', 'Accept-Encoding': 'gzip, deflate', 'Accept': '*/*', 'Connection': 'keep-alive'} 
 body=None 
 </msg>
<msg timestamp="20200707 11:19:18.602" level="INFO">GET Response : url=https://financeiro.hostgator.com.br/api/v3/checkout/cep//88036001 
 status=405, reason=Method Not Allowed 
 body=&lt;html&gt;
&lt;head&gt;&lt;script type="text/javascript"&gt;(window.NREUM||(NREUM={})).loader_config={xpid:"VgUGUlFUABACVVdTDgkFXlM=",licenseKey:"1fc0fe9bd8",applicationID:"216198287"};window.NREUM||(NREUM={}),__nr_require=function(t,n,e){function r(e){if(!n[e]){var o=n[e]={exports:{}};t[e][0].call(o.exports,function(n){var o=t[e][1][n];return r(o||n)},o,o.exports)}return n[e].exports}if("function"==typeof __nr_require)return __nr_require;for(var o=0;o&lt;e.length;o++)r(e[o]);return r}({1:[function(t,n,e){function r(t){try{s.console&amp;&amp;console.log(t)}catch(n){}}var o,i=t("ee"),a=t(21),s={};try{o=localStorage.getItem("__nr_flags").split(","),console&amp;&amp;"function"==typeof console.log&amp;&amp;(s.console=!0,o.indexOf("dev")!==-1&amp;&amp;(s.dev=!0),o.indexOf("nr_dev")!==-1&amp;&amp;(s.nrDev=!0))}catch(c){}s.nrDev&amp;&amp;i.on("internal-error",function(t){r(t.stack)}),s.dev&amp;&amp;i.on("fn-err",function(t,n,e){r(e.stack)}),s.dev&amp;&amp;(r("NR AGENT IN DEVELOPMENT MODE"),r("flags: "+a(s,function(t,n){return t}).join(", ")))},{}],2:[function(t,n,e){function r(t,n,e,r,s){try{p?p-=1:o(s||new UncaughtException(t,n,e),!0)}catch(f){try{i("ierr",[f,c.now(),!0])}catch(d){}}return"function"==typeof u&amp;&amp;u.apply(this,a(arguments))}function UncaughtException(t,n,e){this.message=t||"Uncaught error with no additional information",this.sourceURL=n,this.line=e}function o(t,n){var e=n?null:c.now();i("err",[t,e])}var i=t("handle"),a=t(22),s=t("ee"),c=t("loader"),f=t("gos"),u=window.onerror,d=!1,l="nr@seenError",p=0;c.features.err=!0,t(1),window.onerror=r;try{throw new Error}catch(h){"stack"in h&amp;&amp;(t(9),t(8),"addEventListener"in window&amp;&amp;t(5),c.xhrWrappable&amp;&amp;t(10),d=!0)}s.on("fn-start",function(t,n,e){d&amp;&amp;(p+=1)}),s.on("fn-err",function(t,n,e){d&amp;&amp;!e[l]&amp;&amp;(f(e,l,function(){return!0}),this.thrown=!0,o(e))}),s.on("fn-end",function(){d&amp;&amp;!this.thrown&amp;&amp;p&gt;0&amp;&amp;(p-=1)}),s.on("internal-error",function(t){i("ierr",[t,c.now(),!0])})},{}],3:[function(t,n,e){t("loader").features.ins=!0},{}],4:[function(t,n,e){function r(t){}if(window.performance&amp;&amp;window.performance.timing&amp;&amp;window.performance.getEntriesByType){var o=t("ee"),i=t("handle"),a=t(9),s=t(8),c="learResourceTimings",f="addEventListener",u="resourcetimingbufferfull",d="bstResource",l="resource",p="-start",h="-end",m="fn"+p,w="fn"+h,v="bstTimer",g="pushState",y=t("loader");y.features.stn=!0,t(7),"addEventListener"in window&amp;&amp;t(5);var x=NREUM.o.EV;o.on(m,function(t,n){var e=t[0];e instanceof x&amp;&amp;(this.bstStart=y.now())}),o.on(w,function(t,n){var e=t[0];e instanceof x&amp;&amp;i("bst",[e,n,this.bstStart,y.now()])}),a.on(m,function(t,n,e){this.bstStart=y.now(),this.bstType=e}),a.on(w,function(t,n){i(v,[n,this.bstStart,y.now(),this.bstType])}),s.on(m,function(){this.bstStart=y.now()}),s.on(w,function(t,n){i(v,[n,this.bstStart,y.now(),"requestAnimationFrame"])}),o.on(g+p,function(t){this.time=y.now(),this.startPath=location.pathname+location.hash}),o.on(g+h,function(t){i("bstHist",[location.pathname+location.hash,this.startPath,this.time])}),f in window.performance&amp;&amp;(window.performance["c"+c]?window.performance[f](u,function(t){i(d,[window.performance.getEntriesByType(l)]),window.performance["c"+c]()},!1):window.performance[f]("webkit"+u,function(t){i(d,[window.performance.getEntriesByType(l)]),window.performance["webkitC"+c]()},!1)),document[f]("scroll",r,{passive:!0}),document[f]("keypress",r,!1),document[f]("click",r,!1)}},{}],5:[function(t,n,e){function r(t){for(var n=t;n&amp;&amp;!n.hasOwnProperty(u);)n=Object.getPrototypeOf(n);n&amp;&amp;o(n)}function o(t){s.inPlace(t,[u,d],"-",i)}function i(t,n){return t[1]}var a=t("ee").get("events"),s=t("wrap-function")(a,!0),c=t("gos"),f=XMLHttpRequest,u="addEventListener",d="removeEventListener";n.exports=a,"getPrototypeOf"in Object?(r(document),r(window),r(f.prototype)):f.prototype.hasOwnProperty(u)&amp;&amp;(o(window),o(f.prototype)),a.on(u+"-start",function(t,n){var e=t[1],r=c(e,"nr@wrapped",function(){function t(){if("function"==typeof e.handleEvent)return e.handleEvent.apply(e,arguments)}var n={object:t,"function":e}[typeof e];return n?s(n,"fn-",null,n.name||"anonymous"):e});this.wrapped=t[1]=r}),a.on(d+"-start",function(t){t[1]=this.wrapped||t[1]})},{}],6:[function(t,n,e){function r(t,n,e){var r=t[n];"function"==typeof r&amp;&amp;(t[n]=function(){var t=i(arguments),n={};o.emit(e+"before-start",[t],n);var a;n[m]&amp;&amp;n[m].dt&amp;&amp;(a=n[m].dt);var s=r.apply(this,t);return o.emit(e+"start",[t,a],s),s.then(function(t){return o.emit(e+"end",[null,t],s),t},function(t){throw o.emit(e+"end",[t],s),t})})}var o=t("ee").get("fetch"),i=t(22),a=t(21);n.exports=o;var s=window,c="fetch-",f=c+"body-",u=["arrayBuffer","blob","json","text","formData"],d=s.Request,l=s.Response,p=s.fetch,h="prototype",m="nr@context";d&amp;&amp;l&amp;&amp;p&amp;&amp;(a(u,function(t,n){r(d[h],n,f),r(l[h],n,f)}),r(s,"fetch",c),o.on(c+"end",function(t,n){var e=this;if(n){var r=n.headers.get("content-length");null!==r&amp;&amp;(e.rxSize=r),o.emit(c+"done",[null,n],e)}else o.emit(c+"done",[t],e)}))},{}],7:[function(t,n,e){var r=t("ee").get("history"),o=t("wrap-function")(r);n.exports=r;var i=window.history&amp;&amp;window.history.constructor&amp;&amp;window.history.constructor.prototype,a=window.history;i&amp;&amp;i.pushState&amp;&amp;i.replaceState&amp;&amp;(a=i),o.inPlace(a,["pushState","replaceState"],"-")},{}],8:[function(t,n,e){var r=t("ee").get("raf"),o=t("wrap-function")(r),i="equestAnimationFrame";n.exports=r,o.inPlace(window,["r"+i,"mozR"+i,"webkitR"+i,"msR"+i],"raf-"),r.on("raf-start",function(t){t[0]=o(t[0],"fn-")})},{}],9:[function(t,n,e){function r(t,n,e){t[0]=a(t[0],"fn-",null,e)}function o(t,n,e){this.method=e,this.timerDuration=isNaN(t[1])?0:+t[1],t[0]=a(t[0],"fn-",this,e)}var i=t("ee").get("timer"),a=t("wrap-function")(i),s="setTimeout",c="setInterval",f="clearTimeout",u="-start",d="-";n.exports=i,a.inPlace(window,[s,"setImmediate"],s+d),a.inPlace(window,[c],c+d),a.inPlace(window,[f,"clearImmediate"],f+d),i.on(c+u,r),i.on(s+u,o)},{}],10:[function(t,n,e){function r(t,n){d.inPlace(n,["onreadystatechange"],"fn-",s)}function o(){var t=this,n=u.context(t);t.readyState&gt;3&amp;&amp;!n.resolved&amp;&amp;(n.resolved=!0,u.emit("xhr-resolved",[],t)),d.inPlace(t,g,"fn-",s)}function i(t){y.push(t),h&amp;&amp;(b?b.then(a):w?w(a):(E=-E,O.data=E))}function a(){for(var t=0;t&lt;y.length;t++)r([],y[t]);y.length&amp;&amp;(y=[])}function s(t,n){return n}function c(t,n){for(var e in t)n[e]=t[e];return n}t(5);var f=t("ee"),u=f.get("xhr"),d=t("wrap-function")(u),l=NREUM.o,p=l.XHR,h=l.MO,m=l.PR,w=l.SI,v="readystatechange",g=["onload","onerror","onabort","onloadstart","onloadend","onprogress","ontimeout"],y=[];n.exports=u;var x=window.XMLHttpRequest=function(t){var n=new p(t);try{u.emit("new-xhr",[n],n),n.addEventListener(v,o,!1)}catch(e){try{u.emit("internal-error",[e])}catch(r){}}return n};if(c(p,x),x.prototype=p.prototype,d.inPlace(x.prototype,["open","send"],"-xhr-",s),u.on("send-xhr-start",function(t,n){r(t,n),i(n)}),u.on("open-xhr-start",r),h){var b=m&amp;&amp;m.resolve();if(!w&amp;&amp;!m){var E=1,O=document.createTextNode(E);new h(a).observe(O,{characterData:!0})}}else f.on("fn-end",function(t){t[0]&amp;&amp;t[0].type===v||a()})},{}],11:[function(t,n,e){function r(t){if(!i(t))return null;var n=window.NREUM;if(!n.loader_config)return null;var e=(n.loader_config.accountID||"").toString()||null,r=(n.loader_config.agentID||"").toString()||null,s=(n.loader_config.trustKey||"").toString()||null;if(!e||!r)return null;var c=a.generateCatId(),f=a.generateCatId(),u=Date.now(),d=o(c,f,u,e,r,s);return{header:d,guid:c,traceId:f,timestamp:u}}function o(t,n,e,r,o,i){var a="btoa"in window&amp;&amp;"function"==typeof window.btoa;if(!a)return null;var s={v:[0,1],d:{ty:"Browser",ac:r,ap:o,id:t,tr:n,ti:e}};return i&amp;&amp;r!==i&amp;&amp;(s.d.tk=i),btoa(JSON.stringify(s))}function i(t){var n=!1,e=!1,r={};if("init"in NREUM&amp;&amp;"distributed_tracing"in NREUM.init&amp;&amp;(r=NREUM.init.distributed_tracing,e=!!r.enabled),e)if(t.sameOrigin)n=!0;else if(r.allowed_origins instanceof Array)for(var o=0;o&lt;r.allowed_origins.length;o++){var i=s(r.allowed_origins[o]);if(t.hostname===i.hostname&amp;&amp;t.protocol===i.protocol&amp;&amp;t.port===i.port){n=!0;break}}return e&amp;&amp;n}var a=t(19),s=t(13);n.exports={generateTracePayload:r,shouldGenerateTrace:i}},{}],12:[function(t,n,e){function r(t){var n=this.params,e=this.metrics;if(!this.ended){this.ended=!0;for(var r=0;r&lt;l;r++)t.removeEventListener(d[r],this.listener,!1);n.aborted||(e.duration=a.now()-this.startTime,this.loadCaptureCalled||4!==t.readyState?null==n.status&amp;&amp;(n.status=0):i(this,t),e.cbTime=this.cbTime,u.emit("xhr-done",[t],t),s("xhr",[n,e,this.startTime]))}}function o(t,n){var e=c(n),r=t.params;r.host=e.hostname+":"+e.port,r.pathname=e.pathname,t.parsedOrigin=c(n),t.sameOrigin=t.parsedOrigin.sameOrigin}function i(t,n){t.params.status=n.status;var e=w(n,t.lastSize);if(e&amp;&amp;(t.metrics.rxSize=e),t.sameOrigin){var r=n.getResponseHeader("X-NewRelic-App-Data");r&amp;&amp;(t.params.cat=r.split(", ").pop())}t.loadCaptureCalled=!0}var a=t("loader");if(a.xhrWrappable){var s=t("handle"),c=t(13),f=t(11).generateTracePayload,u=t("ee"),d=["load","error","abort","timeout"],l=d.length,p=t("id"),h=t(17),m=t(16),w=t(14),v=window.XMLHttpRequest;a.features.xhr=!0,t(10),t(6),u.on("new-xhr",function(t){var n=this;n.totalCbs=0,n.called=0,n.cbTime=0,n.end=r,n.ended=!1,n.xhrGuids={},n.lastSize=null,n.loadCaptureCalled=!1,t.addEventListener("load",function(e){i(n,t)},!1),h&amp;&amp;(h&gt;34||h&lt;10)||window.opera||t.addEventListener("progress",function(t){n.lastSize=t.loaded},!1)}),u.on("open-xhr-start",function(t){this.params={method:t[0]},o(this,t[1]),this.metrics={}}),u.on("open-xhr-end",function(t,n){"loader_config"in NREUM&amp;&amp;"xpid"in NREUM.loader_config&amp;&amp;this.sameOrigin&amp;&amp;n.setRequestHeader("X-NewRelic-ID",NREUM.loader_config.xpid);var e=f(this.parsedOrigin);e&amp;&amp;e.header&amp;&amp;(n.setRequestHeader("newrelic",e.header),this.dt=e)}),u.on("send-xhr-start",function(t,n){var e=this.metrics,r=t[0],o=this;if(e&amp;&amp;r){var i=m(r);i&amp;&amp;(e.txSize=i)}this.startTime=a.now(),this.listener=function(t){try{"abort"!==t.type||o.loadCaptureCalled||(o.params.aborted=!0),("load"!==t.type||o.called===o.totalCbs&amp;&amp;(o.onloadCalled||"function"!=typeof n.onload))&amp;&amp;o.end(n)}catch(e){try{u.emit("internal-error",[e])}catch(r){}}};for(var s=0;s&lt;l;s+... (set the log level to DEBUG or TRACE to see the full content) 
 </msg>
<msg timestamp="20200707 11:19:18.603" level="INFO">c:\python38\lib\site-packages\urllib3\connectionpool.py:979: InsecureRequestWarning: Unverified HTTPS request is being made to host 'financeiro.hostgator.com.br'. Adding certificate verification is strongly advised. See: https://urllib3.readthedocs.io/en/latest/advanced-usage.html#ssl-warnings
  warnings.warn(</msg>
<msg timestamp="20200707 11:19:18.604" level="INFO">${RESPOSTA} = &lt;Response [405]&gt;</msg>
<status status="PASS" starttime="20200707 11:19:17.931" endtime="20200707 11:19:18.604"></status>
</kw>
<kw name="Log" library="BuiltIn">
<doc>Logs the given message with the given level.</doc>
<arguments>
<arg>Resposta: ${RESPOSTA.text}</arg>
</arguments>
<msg timestamp="20200707 11:19:18.605" level="INFO">Resposta: &lt;html&gt;
&lt;head&gt;&lt;script type="text/javascript"&gt;(window.NREUM||(NREUM={})).loader_config={xpid:"VgUGUlFUABACVVdTDgkFXlM=",licenseKey:"1fc0fe9bd8",applicationID:"216198287"};window.NREUM||(NREUM={}),__nr_require=function(t,n,e){function r(e){if(!n[e]){var o=n[e]={exports:{}};t[e][0].call(o.exports,function(n){var o=t[e][1][n];return r(o||n)},o,o.exports)}return n[e].exports}if("function"==typeof __nr_require)return __nr_require;for(var o=0;o&lt;e.length;o++)r(e[o]);return r}({1:[function(t,n,e){function r(t){try{s.console&amp;&amp;console.log(t)}catch(n){}}var o,i=t("ee"),a=t(21),s={};try{o=localStorage.getItem("__nr_flags").split(","),console&amp;&amp;"function"==typeof console.log&amp;&amp;(s.console=!0,o.indexOf("dev")!==-1&amp;&amp;(s.dev=!0),o.indexOf("nr_dev")!==-1&amp;&amp;(s.nrDev=!0))}catch(c){}s.nrDev&amp;&amp;i.on("internal-error",function(t){r(t.stack)}),s.dev&amp;&amp;i.on("fn-err",function(t,n,e){r(e.stack)}),s.dev&amp;&amp;(r("NR AGENT IN DEVELOPMENT MODE"),r("flags: "+a(s,function(t,n){return t}).join(", ")))},{}],2:[function(t,n,e){function r(t,n,e,r,s){try{p?p-=1:o(s||new UncaughtException(t,n,e),!0)}catch(f){try{i("ierr",[f,c.now(),!0])}catch(d){}}return"function"==typeof u&amp;&amp;u.apply(this,a(arguments))}function UncaughtException(t,n,e){this.message=t||"Uncaught error with no additional information",this.sourceURL=n,this.line=e}function o(t,n){var e=n?null:c.now();i("err",[t,e])}var i=t("handle"),a=t(22),s=t("ee"),c=t("loader"),f=t("gos"),u=window.onerror,d=!1,l="nr@seenError",p=0;c.features.err=!0,t(1),window.onerror=r;try{throw new Error}catch(h){"stack"in h&amp;&amp;(t(9),t(8),"addEventListener"in window&amp;&amp;t(5),c.xhrWrappable&amp;&amp;t(10),d=!0)}s.on("fn-start",function(t,n,e){d&amp;&amp;(p+=1)}),s.on("fn-err",function(t,n,e){d&amp;&amp;!e[l]&amp;&amp;(f(e,l,function(){return!0}),this.thrown=!0,o(e))}),s.on("fn-end",function(){d&amp;&amp;!this.thrown&amp;&amp;p&gt;0&amp;&amp;(p-=1)}),s.on("internal-error",function(t){i("ierr",[t,c.now(),!0])})},{}],3:[function(t,n,e){t("loader").features.ins=!0},{}],4:[function(t,n,e){function r(t){}if(window.performance&amp;&amp;window.performance.timing&amp;&amp;window.performance.getEntriesByType){var o=t("ee"),i=t("handle"),a=t(9),s=t(8),c="learResourceTimings",f="addEventListener",u="resourcetimingbufferfull",d="bstResource",l="resource",p="-start",h="-end",m="fn"+p,w="fn"+h,v="bstTimer",g="pushState",y=t("loader");y.features.stn=!0,t(7),"addEventListener"in window&amp;&amp;t(5);var x=NREUM.o.EV;o.on(m,function(t,n){var e=t[0];e instanceof x&amp;&amp;(this.bstStart=y.now())}),o.on(w,function(t,n){var e=t[0];e instanceof x&amp;&amp;i("bst",[e,n,this.bstStart,y.now()])}),a.on(m,function(t,n,e){this.bstStart=y.now(),this.bstType=e}),a.on(w,function(t,n){i(v,[n,this.bstStart,y.now(),this.bstType])}),s.on(m,function(){this.bstStart=y.now()}),s.on(w,function(t,n){i(v,[n,this.bstStart,y.now(),"requestAnimationFrame"])}),o.on(g+p,function(t){this.time=y.now(),this.startPath=location.pathname+location.hash}),o.on(g+h,function(t){i("bstHist",[location.pathname+location.hash,this.startPath,this.time])}),f in window.performance&amp;&amp;(window.performance["c"+c]?window.performance[f](u,function(t){i(d,[window.performance.getEntriesByType(l)]),window.performance["c"+c]()},!1):window.performance[f]("webkit"+u,function(t){i(d,[window.performance.getEntriesByType(l)]),window.performance["webkitC"+c]()},!1)),document[f]("scroll",r,{passive:!0}),document[f]("keypress",r,!1),document[f]("click",r,!1)}},{}],5:[function(t,n,e){function r(t){for(var n=t;n&amp;&amp;!n.hasOwnProperty(u);)n=Object.getPrototypeOf(n);n&amp;&amp;o(n)}function o(t){s.inPlace(t,[u,d],"-",i)}function i(t,n){return t[1]}var a=t("ee").get("events"),s=t("wrap-function")(a,!0),c=t("gos"),f=XMLHttpRequest,u="addEventListener",d="removeEventListener";n.exports=a,"getPrototypeOf"in Object?(r(document),r(window),r(f.prototype)):f.prototype.hasOwnProperty(u)&amp;&amp;(o(window),o(f.prototype)),a.on(u+"-start",function(t,n){var e=t[1],r=c(e,"nr@wrapped",function(){function t(){if("function"==typeof e.handleEvent)return e.handleEvent.apply(e,arguments)}var n={object:t,"function":e}[typeof e];return n?s(n,"fn-",null,n.name||"anonymous"):e});this.wrapped=t[1]=r}),a.on(d+"-start",function(t){t[1]=this.wrapped||t[1]})},{}],6:[function(t,n,e){function r(t,n,e){var r=t[n];"function"==typeof r&amp;&amp;(t[n]=function(){var t=i(arguments),n={};o.emit(e+"before-start",[t],n);var a;n[m]&amp;&amp;n[m].dt&amp;&amp;(a=n[m].dt);var s=r.apply(this,t);return o.emit(e+"start",[t,a],s),s.then(function(t){return o.emit(e+"end",[null,t],s),t},function(t){throw o.emit(e+"end",[t],s),t})})}var o=t("ee").get("fetch"),i=t(22),a=t(21);n.exports=o;var s=window,c="fetch-",f=c+"body-",u=["arrayBuffer","blob","json","text","formData"],d=s.Request,l=s.Response,p=s.fetch,h="prototype",m="nr@context";d&amp;&amp;l&amp;&amp;p&amp;&amp;(a(u,function(t,n){r(d[h],n,f),r(l[h],n,f)}),r(s,"fetch",c),o.on(c+"end",function(t,n){var e=this;if(n){var r=n.headers.get("content-length");null!==r&amp;&amp;(e.rxSize=r),o.emit(c+"done",[null,n],e)}else o.emit(c+"done",[t],e)}))},{}],7:[function(t,n,e){var r=t("ee").get("history"),o=t("wrap-function")(r);n.exports=r;var i=window.history&amp;&amp;window.history.constructor&amp;&amp;window.history.constructor.prototype,a=window.history;i&amp;&amp;i.pushState&amp;&amp;i.replaceState&amp;&amp;(a=i),o.inPlace(a,["pushState","replaceState"],"-")},{}],8:[function(t,n,e){var r=t("ee").get("raf"),o=t("wrap-function")(r),i="equestAnimationFrame";n.exports=r,o.inPlace(window,["r"+i,"mozR"+i,"webkitR"+i,"msR"+i],"raf-"),r.on("raf-start",function(t){t[0]=o(t[0],"fn-")})},{}],9:[function(t,n,e){function r(t,n,e){t[0]=a(t[0],"fn-",null,e)}function o(t,n,e){this.method=e,this.timerDuration=isNaN(t[1])?0:+t[1],t[0]=a(t[0],"fn-",this,e)}var i=t("ee").get("timer"),a=t("wrap-function")(i),s="setTimeout",c="setInterval",f="clearTimeout",u="-start",d="-";n.exports=i,a.inPlace(window,[s,"setImmediate"],s+d),a.inPlace(window,[c],c+d),a.inPlace(window,[f,"clearImmediate"],f+d),i.on(c+u,r),i.on(s+u,o)},{}],10:[function(t,n,e){function r(t,n){d.inPlace(n,["onreadystatechange"],"fn-",s)}function o(){var t=this,n=u.context(t);t.readyState&gt;3&amp;&amp;!n.resolved&amp;&amp;(n.resolved=!0,u.emit("xhr-resolved",[],t)),d.inPlace(t,g,"fn-",s)}function i(t){y.push(t),h&amp;&amp;(b?b.then(a):w?w(a):(E=-E,O.data=E))}function a(){for(var t=0;t&lt;y.length;t++)r([],y[t]);y.length&amp;&amp;(y=[])}function s(t,n){return n}function c(t,n){for(var e in t)n[e]=t[e];return n}t(5);var f=t("ee"),u=f.get("xhr"),d=t("wrap-function")(u),l=NREUM.o,p=l.XHR,h=l.MO,m=l.PR,w=l.SI,v="readystatechange",g=["onload","onerror","onabort","onloadstart","onloadend","onprogress","ontimeout"],y=[];n.exports=u;var x=window.XMLHttpRequest=function(t){var n=new p(t);try{u.emit("new-xhr",[n],n),n.addEventListener(v,o,!1)}catch(e){try{u.emit("internal-error",[e])}catch(r){}}return n};if(c(p,x),x.prototype=p.prototype,d.inPlace(x.prototype,["open","send"],"-xhr-",s),u.on("send-xhr-start",function(t,n){r(t,n),i(n)}),u.on("open-xhr-start",r),h){var b=m&amp;&amp;m.resolve();if(!w&amp;&amp;!m){var E=1,O=document.createTextNode(E);new h(a).observe(O,{characterData:!0})}}else f.on("fn-end",function(t){t[0]&amp;&amp;t[0].type===v||a()})},{}],11:[function(t,n,e){function r(t){if(!i(t))return null;var n=window.NREUM;if(!n.loader_config)return null;var e=(n.loader_config.accountID||"").toString()||null,r=(n.loader_config.agentID||"").toString()||null,s=(n.loader_config.trustKey||"").toString()||null;if(!e||!r)return null;var c=a.generateCatId(),f=a.generateCatId(),u=Date.now(),d=o(c,f,u,e,r,s);return{header:d,guid:c,traceId:f,timestamp:u}}function o(t,n,e,r,o,i){var a="btoa"in window&amp;&amp;"function"==typeof window.btoa;if(!a)return null;var s={v:[0,1],d:{ty:"Browser",ac:r,ap:o,id:t,tr:n,ti:e}};return i&amp;&amp;r!==i&amp;&amp;(s.d.tk=i),btoa(JSON.stringify(s))}function i(t){var n=!1,e=!1,r={};if("init"in NREUM&amp;&amp;"distributed_tracing"in NREUM.init&amp;&amp;(r=NREUM.init.distributed_tracing,e=!!r.enabled),e)if(t.sameOrigin)n=!0;else if(r.allowed_origins instanceof Array)for(var o=0;o&lt;r.allowed_origins.length;o++){var i=s(r.allowed_origins[o]);if(t.hostname===i.hostname&amp;&amp;t.protocol===i.protocol&amp;&amp;t.port===i.port){n=!0;break}}return e&amp;&amp;n}var a=t(19),s=t(13);n.exports={generateTracePayload:r,shouldGenerateTrace:i}},{}],12:[function(t,n,e){function r(t){var n=this.params,e=this.metrics;if(!this.ended){this.ended=!0;for(var r=0;r&lt;l;r++)t.removeEventListener(d[r],this.listener,!1);n.aborted||(e.duration=a.now()-this.startTime,this.loadCaptureCalled||4!==t.readyState?null==n.status&amp;&amp;(n.status=0):i(this,t),e.cbTime=this.cbTime,u.emit("xhr-done",[t],t),s("xhr",[n,e,this.startTime]))}}function o(t,n){var e=c(n),r=t.params;r.host=e.hostname+":"+e.port,r.pathname=e.pathname,t.parsedOrigin=c(n),t.sameOrigin=t.parsedOrigin.sameOrigin}function i(t,n){t.params.status=n.status;var e=w(n,t.lastSize);if(e&amp;&amp;(t.metrics.rxSize=e),t.sameOrigin){var r=n.getResponseHeader("X-NewRelic-App-Data");r&amp;&amp;(t.params.cat=r.split(", ").pop())}t.loadCaptureCalled=!0}var a=t("loader");if(a.xhrWrappable){var s=t("handle"),c=t(13),f=t(11).generateTracePayload,u=t("ee"),d=["load","error","abort","timeout"],l=d.length,p=t("id"),h=t(17),m=t(16),w=t(14),v=window.XMLHttpRequest;a.features.xhr=!0,t(10),t(6),u.on("new-xhr",function(t){var n=this;n.totalCbs=0,n.called=0,n.cbTime=0,n.end=r,n.ended=!1,n.xhrGuids={},n.lastSize=null,n.loadCaptureCalled=!1,t.addEventListener("load",function(e){i(n,t)},!1),h&amp;&amp;(h&gt;34||h&lt;10)||window.opera||t.addEventListener("progress",function(t){n.lastSize=t.loaded},!1)}),u.on("open-xhr-start",function(t){this.params={method:t[0]},o(this,t[1]),this.metrics={}}),u.on("open-xhr-end",function(t,n){"loader_config"in NREUM&amp;&amp;"xpid"in NREUM.loader_config&amp;&amp;this.sameOrigin&amp;&amp;n.setRequestHeader("X-NewRelic-ID",NREUM.loader_config.xpid);var e=f(this.parsedOrigin);e&amp;&amp;e.header&amp;&amp;(n.setRequestHeader("newrelic",e.header),this.dt=e)}),u.on("send-xhr-start",function(t,n){var e=this.metrics,r=t[0],o=this;if(e&amp;&amp;r){var i=m(r);i&amp;&amp;(e.txSize=i)}this.startTime=a.now(),this.listener=function(t){try{"abort"!==t.type||o.loadCaptureCalled||(o.params.aborted=!0),("load"!==t.type||o.called===o.totalCbs&amp;&amp;(o.onloadCalled||"function"!=typeof n.onload))&amp;&amp;o.end(n)}catch(e){try{u.emit("internal-error",[e])}catch(r){}}};for(var s=0;s&lt;l;s++)n.addEventListener(d[s],this.listener,!1)}),u.on("xhr-cb-time",function(t,n,e){this.cbTime+=t,n?this.onloadCalled=!0:this.called+=1,this.called!==this.totalCbs||!this.onloadCalled&amp;&amp;"function"==typeof e.onload||this.end(e)}),u.on("xhr-load-added",function(t,n){var e=""+p(t)+!!n;this.xhrGuids&amp;&amp;!this.xhrGuids[e]&amp;&amp;(this.xhrGuids[e]=!0,this.totalCbs+=1)}),u.on("xhr-load-removed",function(t,n){var e=""+p(t)+!!n;this.xhrGuids&amp;&amp;this.xhrGuids[e]&amp;&amp;(delete this.xhrGuids[e],this.totalCbs-=1)}),u.on("addEventListener-end",function(t,n){n instanceof v&amp;&amp;"load"===t[0]&amp;&amp;u.emit("xhr-load-added",[t[1],t[2]],n)}),u.on("removeEventListener-end",function(t,n){n instanceof v&amp;&amp;"load"===t[0]&amp;&amp;u.emit("xhr-load-removed",[t[1],t[2]],n)}),u.on("fn-start",function(t,n,e){n instanceof v&amp;&amp;("onload"===e&amp;&amp;(this.onload=!0),("load"===(t[0]&amp;&amp;t[0].type)||this.onload)&amp;&amp;(this.xhrCbStart=a.now()))}),u.on("fn-end",function(t,n){this.xhrCbStart&amp;&amp;u.emit("xhr-cb-time",[a.now()-this.xhrCbStart,this.onload,n],n)}),u.on("fetch-before-start",function(t){var n,e=t[1]||{};"string"==typeof t[0]?n=t[0]:t[0]&amp;&amp;t[0].url&amp;&amp;(n=t[0].url),n&amp;&amp;(this.parsedOrigin=c(n),this.sameOrigin=this.parsedOrigin.sameOrigin);var r=f(this.parsedOrigin);if(r&amp;&amp;r.header){var o=r.header;if("string"==typeof t[0]){var i={};for(var a in e)i[a]=e[a];i.headers=new Headers(e.headers||{}),i.headers.set("newrelic",o),this.dt=r,t.length&gt;1?t[1]=i:t.push(i)}else t[0]&amp;&amp;t[0].headers&amp;&amp;(t[0].headers.append("newrelic",o),this.dt=r)}})}},{}],13:[function(t,n,e){var r={};n.exports=function(t){if(t in r)return r[t];var n=document.createElement("a"),e=window.location,o={};n.href=t,o.port=n.port;var i=n.href.split("://");!o.port&amp;&amp;i[1]&amp;&amp;(o.port=i[1].split("/")[0].split("@").pop().split(":")[1]),o.port&amp;&amp;"0"!==o.port||(o.port="https"===i[0]?"443":"80"),o.hostname=n.hostname||e.hostname,o.pathname=n.pathname,o.protocol=i[0],"/"!==o.pathname.charAt(0)&amp;&amp;(o.pathname="/"+o.pathname);var a=!n.protocol||":"===n.protocol||n.protocol===e.protocol,s=n.hostname===document.domain&amp;&amp;n.port===e.port;return o.sameOrigin=a&amp;&amp;(!n.hostname||s),"/"===o.pathname&amp;&amp;(r[t]=o),o}},{}],14:[function(t,n,e){function r(t,n){var e=t.responseType;return"json"===e&amp;&amp;null!==n?n:"arraybuffer"===e||"blob"===e||"json"===e?o(t.response):"text"===e||""===e||void 0===e?o(t.responseText):void 0}var o=t(16);n.exports=r},{}],15:[function(t,n,e){function r(){}function o(t,n,e){return function(){return i(t,[f.now()].concat(s(arguments)),n?null:this,e),n?void 0:this}}var i=t("handle"),a=t(21),s=t(22),c=t("ee").get("tracer"),f=t("loader"),u=NREUM;"undefined"==typeof window.newrelic&amp;&amp;(newrelic=u);var d=["setPageViewName","setCustomAttribute","setErrorHandler","finished","addToTrace","inlineHit","addRelease"],l="api-",p=l+"ixn-";a(d,function(t,n){u[n]=o(l+n,!0,"api")}),u.addPageAction=o(l+"addPageAction",!0),u.setCurrentRouteName=o(l+"routeName",!0),n.exports=newrelic,u.interaction=function(){return(new r).get()};var h=r.prototype={createTracer:function(t,n){var e={},r=this,o="function"==typeof n;return i(p+"tracer",[f.now(),t,e],r),function(){if(c.emit((o?"":"no-")+"fn-start",[f.now(),r,o],e),o)try{return n.apply(this,arguments)}catch(t){throw c.emit("fn-err",[arguments,this,t],e),t}finally{c.emit("fn-end",[f.now()],e)}}}};a("actionText,setName,setAttribute,save,ignore,onEnd,getContext,end,get".split(","),function(t,n){h[n]=o(p+n)}),newrelic.noticeError=function(t,n){"string"==typeof t&amp;&amp;(t=new Error(t)),i("err",[t,f.now(),!1,n])}},{}],16:[function(t,n,e){n.exports=function(t){if("string"==typeof t&amp;&amp;t.length)return t.length;if("object"==typeof t){if("undefined"!=typeof ArrayBuffer&amp;&amp;t instanceof ArrayBuffer&amp;&amp;t.byteLength)return t.byteLength;if("undefined"!=typeof Blob&amp;&amp;t instanceof Blob&amp;&amp;t.size)return t.size;if(!("undefined"!=typeof FormData&amp;&amp;t instanceof FormData))try{return JSON.stringify(t).length}catch(n){return}}}},{}],17:[function(t,n,e){var r=0,o=navigator.userAgent.match(/Firefox[\/\s](\d+\.\d+)/);o&amp;&amp;(r=+o[1]),n.exports=r},{}],18:[function(t,n,e){function r(t,n){var e=t.getEntries();e.forEach(function(t){"first-paint"===t.name?c("timing",["fp",Math.floor(t.startTime)]):"first-contentful-paint"===t.name&amp;&amp;c("timing",["fcp",Math.floor(t.startTime)])})}function o(t,n){var e=t.getEntries();e.length&gt;0&amp;&amp;c("lcp",[e[e.length-1]])}function i(t){if(t instanceof u&amp;&amp;!l){var n,e=Math.round(t.timeStamp);n=e&gt;1e12?Date.now()-e:f.now()-e,l=!0,c("timing",["fi",e,{type:t.type,fid:n}])}}if(!("init"in NREUM&amp;&amp;"page_view_timing"in NREUM.init&amp;&amp;"enabled"in NREUM.init.page_view_timing&amp;&amp;NREUM.init.page_view_timing.enabled===!1)){var a,s,c=t("handle"),f=t("loader"),u=NREUM.o.EV;if("PerformanceObserver"in window&amp;&amp;"function"==typeof window.PerformanceObserver){a=new PerformanceObserver(r),s=new PerformanceObserver(o);try{a.observe({entryTypes:["paint"]}),s.observe({entryTypes:["largest-contentful-paint"]})}catch(d){}}if("addEventListener"in document){var l=!1,p=["click","keydown","mousedown","pointerdown","touchstart"];p.forEach(function(t){document.addEventListener(t,i,!1)})}}},{}],19:[function(t,n,e){function r(){function t(){return n?15&amp;n[e++]:16*Math.random()|0}var n=null,e=0,r=window.crypto||window.msCrypto;r&amp;&amp;r.getRandomValues&amp;&amp;(n=r.getRandomValues(new Uint8Array(31)));for(var o,i="xxxxxxxx-xxxx-4xxx-yxxx-xxxxxxxxxxxx",a="",s=0;s&lt;i.length;s++)o=i[s],"x"===o?a+=t().toString(16):"y"===o?(o=3&amp;t()|8,a+=o.toString(16)):a+=o;return a}function o(){function t(){return n?15&amp;n[e++]:16*Math.random()|0}var n=null,e=0,r=window.crypto||window.msCrypto;r&amp;&amp;r.getRandomValues&amp;&amp;Uint8Array&amp;&amp;(n=r.getRandomValues(new Uint8Array(31)));for(var o=[],i=0;i&lt;16;i++)o.push(t().toString(16));return o.join("")}n.exports={generateUuid:r,generateCatId:o}},{}],20:[function(t,n,e){function r(t,n){if(!o)return!1;if(t!==o)return!1;if(!n)return!0;if(!i)return!1;for(var e=i.split("."),r=n.split("."),a=0;a&lt;r.length;a++)if(r[a]!==e[a])return!1;return!0}var o=null,i=null,a=/Version\/(\S+)\s+Safari/;if(navigator.userAgent){var s=navigator.userAgent,c=s.match(a);c&amp;&amp;s.indexOf("Chrome")===-1&amp;&amp;s.indexOf("Chromium")===-1&amp;&amp;(o="Safari",i=c[1])}n.exports={agent:o,version:i,match:r}},{}],21:[function(t,n,e){function r(t,n){var e=[],r="",i=0;for(r in t)o.call(t,r)&amp;&amp;(e[i]=n(r,t[r]),i+=1);return e}var o=Object.prototype.hasOwnProperty;n.exports=r},{}],22:[function(t,n,e){function r(t,n,e){n||(n=0),"undefined"==typeof e&amp;&amp;(e=t?t.length:0);for(var r=-1,o=e-n||0,i=Array(o&lt;0?0:o);++r&lt;o;)i[r]=t[n+r];return i}n.exports=r},{}],23:[function(t,n,e){n.exports={exists:"undefined"!=typeof window.performance&amp;&amp;window.performance.timing&amp;&amp;"undefined"!=typeof window.performance.timing.navigationStart}},{}],ee:[function(t,n,e){function r(){}function o(t){function n(t){return t&amp;&amp;t instanceof r?t:t?c(t,s,i):i()}function e(e,r,o,i){if(!l.aborted||i){t&amp;&amp;t(e,r,o);for(var a=n(o),s=m(e),c=s.length,f=0;f&lt;c;f++)s[f].apply(a,r);var d=u[y[e]];return d&amp;&amp;d.push([x,e,r,a]),a}}function p(t,n){g[t]=m(t).concat(n)}function h(t,n){var e=g[t];if(e)for(var r=0;r&lt;e.length;r++)e[r]===n&amp;&amp;e.splice(r,1)}function m(t){return g[t]||[]}function w(t){return d[t]=d[t]||o(e)}function v(t,n){f(t,function(t,e){n=n||"feature",y[e]=n,n in u||(u[n]=[])})}var g={},y={},x={on:p,addEventListener:p,removeEventListener:h,emit:e,get:w,listeners:m,context:n,buffer:v,abort:a,aborted:!1};return x}function i(){return new r}function a(){(u.api||u.feature)&amp;&amp;(l.aborted=!0,u=l.backlog={})}var s="nr@context",c=t("gos"),f=t(21),u={},d={},l=n.exports=o();l.backlog=u},{}],gos:[function(t,n,e){function r(t,n,e){if(o.call(t,n))return t[n];var r=e();if(Object.defineProperty&amp;&amp;Object.keys)try{return Object.defineProperty(t,n,{value:r,writable:!0,enumerable:!1}),r}catch(i){}return t[n]=r,r}var o=Object.prototype.hasOwnProperty;n.exports=r},{}],handle:[function(t,n,e){function r(t,n,e,r){o.buffer([t],r),o.emit(t,n,e)}var o=t("ee").get("handle");n.exports=r,r.ee=o},{}],id:[function(t,n,e){function r(t){var n=typeof t;return!t||"object"!==n&amp;&amp;"function"!==n?-1:t===window?0:a(t,i,function(){return o++})}var o=1,i="nr@id",a=t("gos");n.exports=r},{}],loader:[function(t,n,e){function r(){if(!E++){var t=b.info=NREUM.info,n=p.getElementsByTagName("script")[0];if(setTimeout(u.abort,3e4),!(t&amp;&amp;t.licenseKey&amp;&amp;t.applicationID&amp;&amp;n))return u.abort();f(y,function(n,e){t[n]||(t[n]=e)}),c("mark",["onload",a()+b.offset],null,"api");var e=p.createElement("script");e.src="https://"+t.agent,n.parentNode.insertBefore(e,n)}}function o(){"complete"===p.readyState&amp;&amp;i()}function i(){c("mark",["domContent",a()+b.offset],null,"api")}function a(){return O.exists&amp;&amp;performance.now?Math.round(performance.now()):(s=Math.max((new Date).getTime(),s))-b.offset}var s=(new Date).getTime(),c=t("handle"),f=t(21),u=t("ee"),d=t(20),l=window,p=l.document,h="addEventListener",m="attachEvent",w=l.XMLHttpRequest,v=w&amp;&amp;w.prototype;NREUM.o={ST:setTimeout,SI:l.setImmediate,CT:clearTimeout,XHR:w,REQ:l.Request,EV:l.Event,PR:l.Promise,MO:l.MutationObserver};var g=""+location,y={beacon:"bam.nr-data.net",errorBeacon:"bam.nr-data.net",agent:"js-agent.newrelic.com/nr-1169.min.js"},x=w&amp;&amp;v&amp;&amp;v[h]&amp;&amp;!/CriOS/.test(navigator.userAgent),b=n.exports={offset:s,now:a,origin:g,features:{},xhrWrappable:x,userAgent:d};t(15),t(18),p[h]?(p[h]("DOMContentLoaded",i,!1),l[h]("load",r,!1)):(p[m]("onreadystatechange",o),l[m]("onload",r)),c("mark",["firstbyte",s],null,"api");var E=0,O=t(23)},{}],"wrap-function":[function(t,n,e){function r(t){return!(t&amp;&amp;t instanceof Function&amp;&amp;t.apply&amp;&amp;!t[a])}var o=t("ee"),i=t(22),a="nr@original",s=Object.prototype.hasOwnProperty,c=!1;n.exports=function(t,n){function e(t,n,e,o){function nrWrapper(){var r,a,s,c;try{a=this,r=i(arguments),s="function"==typeof e?e(r,a):e||{}}catch(f){l([f,"",[r,a,o],s])}u(n+"start",[r,a,o],s);try{return c=t.apply(a,r)}catch(d){throw u(n+"err",[r,a,d],s),d}finally{u(n+"end",[r,a,c],s)}}return r(t)?t:(n||(n=""),nrWrapper[a]=t,d(t,nrWrapper),nrWrapper)}function f(t,n,o,i){o||(o="");var a,s,c,f="-"===o.charAt(0);for(c=0;c&lt;n.length;c++)s=n[c],a=t[s],r(a)||(t[s]=e(a,f?s+o:o,i,s))}function u(e,r,o){if(!c||n){var i=c;c=!0;try{t.emit(e,r,o,n)}catch(a){l([a,e,r,o])}c=i}}function d(t,n){if(Object.defineProperty&amp;&amp;Object.keys)try{var e=Object.keys(t);return e.forEach(function(e){Object.defineProperty(n,e,{get:function(){return t[e]},set:function(n){return t[e]=n,n}})}),n}catch(r){l([r])}for(var o in t)s.call(t,o)&amp;&amp;(n[o]=t[o]);return n}function l(n){try{t.emit("internal-error",n)}catch(e){}}return t||(t=o),e.inPlace=f,e.flag=a,e}},{}]},{},["loader",2,12,4,3]);&lt;/script&gt;
&lt;title&gt;Method not allowed&lt;/title&gt;
&lt;style&gt;
            body{
                margin:0;
                padding:30px;
                font:12px/1.5 Helvetica,Arial,Verdana,sans-serif;
            }
            h1{
                margin:0;
                font-size:48px;
                font-weight:normal;
                line-height:48px;
            }
        &lt;/style&gt;
&lt;/head&gt;
&lt;body&gt;
&lt;h1&gt;Method not allowed&lt;/h1&gt;
&lt;p&gt;Method not allowed. Must be one of: &lt;strong&gt;OPTIONS&lt;/strong&gt;&lt;/p&gt;
&lt;script type="text/javascript"&gt;window.NREUM||(NREUM={});NREUM.info={"beacon":"bam.nr-data.net","licenseKey":"1fc0fe9bd8","applicationID":"216198287","transactionName":"NFcAbBZYVxYFUUBdCQ0dN0oNFlgVDR1CB0kKXAZdHBdJDRQ=","queueTime":0,"applicationTime":173,"atts":"GBAXGl5CRElGUxYOHR5P","errorBeacon":"bam.nr-data.net","agent":""}&lt;/script&gt;&lt;/body&gt;
&lt;/html&gt;</msg>
<status status="PASS" starttime="20200707 11:19:18.605" endtime="20200707 11:19:18.606"></status>
</kw>
<kw name="Set Test Variable" library="BuiltIn">
<doc>Makes a variable available everywhere within the scope of the current test.</doc>
<arguments>
<arg>${RESPOSTA}</arg>
</arguments>
<msg timestamp="20200707 11:19:18.606" level="INFO">${RESPOSTA} = &lt;Response [405]&gt;</msg>
<status status="PASS" starttime="20200707 11:19:18.606" endtime="20200707 11:19:18.606"></status>
</kw>
<status status="PASS" starttime="20200707 11:19:17.931" endtime="20200707 11:19:18.607"></status>
</kw>
<status status="PASS" starttime="20200707 11:19:17.930" endtime="20200707 11:19:18.607"></status>
</kw>
<status status="PASS" starttime="20200707 11:19:17.930" endtime="20200707 11:19:18.607"></status>
</kw>
<status status="PASS" starttime="20200707 11:19:17.930" endtime="20200707 11:19:18.607"></status>
</kw>
<kw name="Então deve ser mostrado o endereço &quot;Rua Lauro Linhares&quot;" library="BDDpt-br">
<kw name="Run Keyword" library="BuiltIn">
<doc>Executes the given keyword with the given arguments.</doc>
<arguments>
<arg>${keyword}</arg>
</arguments>
<kw name="deve ser mostrado o endereço &quot;Rua Lauro Linhares&quot;" library="Resource">
<kw name="Confere o status code" library="Resource">
<arguments>
<arg>200</arg>
</arguments>
<kw name="Log" library="BuiltIn">
<doc>Logs the given message with the given level.</doc>
<arguments>
<arg>Resposta: ${RESPOSTA.text}</arg>
</arguments>
<msg timestamp="20200707 11:19:18.610" level="INFO">Resposta: &lt;html&gt;
&lt;head&gt;&lt;script type="text/javascript"&gt;(window.NREUM||(NREUM={})).loader_config={xpid:"VgUGUlFUABACVVdTDgkFXlM=",licenseKey:"1fc0fe9bd8",applicationID:"216198287"};window.NREUM||(NREUM={}),__nr_require=function(t,n,e){function r(e){if(!n[e]){var o=n[e]={exports:{}};t[e][0].call(o.exports,function(n){var o=t[e][1][n];return r(o||n)},o,o.exports)}return n[e].exports}if("function"==typeof __nr_require)return __nr_require;for(var o=0;o&lt;e.length;o++)r(e[o]);return r}({1:[function(t,n,e){function r(t){try{s.console&amp;&amp;console.log(t)}catch(n){}}var o,i=t("ee"),a=t(21),s={};try{o=localStorage.getItem("__nr_flags").split(","),console&amp;&amp;"function"==typeof console.log&amp;&amp;(s.console=!0,o.indexOf("dev")!==-1&amp;&amp;(s.dev=!0),o.indexOf("nr_dev")!==-1&amp;&amp;(s.nrDev=!0))}catch(c){}s.nrDev&amp;&amp;i.on("internal-error",function(t){r(t.stack)}),s.dev&amp;&amp;i.on("fn-err",function(t,n,e){r(e.stack)}),s.dev&amp;&amp;(r("NR AGENT IN DEVELOPMENT MODE"),r("flags: "+a(s,function(t,n){return t}).join(", ")))},{}],2:[function(t,n,e){function r(t,n,e,r,s){try{p?p-=1:o(s||new UncaughtException(t,n,e),!0)}catch(f){try{i("ierr",[f,c.now(),!0])}catch(d){}}return"function"==typeof u&amp;&amp;u.apply(this,a(arguments))}function UncaughtException(t,n,e){this.message=t||"Uncaught error with no additional information",this.sourceURL=n,this.line=e}function o(t,n){var e=n?null:c.now();i("err",[t,e])}var i=t("handle"),a=t(22),s=t("ee"),c=t("loader"),f=t("gos"),u=window.onerror,d=!1,l="nr@seenError",p=0;c.features.err=!0,t(1),window.onerror=r;try{throw new Error}catch(h){"stack"in h&amp;&amp;(t(9),t(8),"addEventListener"in window&amp;&amp;t(5),c.xhrWrappable&amp;&amp;t(10),d=!0)}s.on("fn-start",function(t,n,e){d&amp;&amp;(p+=1)}),s.on("fn-err",function(t,n,e){d&amp;&amp;!e[l]&amp;&amp;(f(e,l,function(){return!0}),this.thrown=!0,o(e))}),s.on("fn-end",function(){d&amp;&amp;!this.thrown&amp;&amp;p&gt;0&amp;&amp;(p-=1)}),s.on("internal-error",function(t){i("ierr",[t,c.now(),!0])})},{}],3:[function(t,n,e){t("loader").features.ins=!0},{}],4:[function(t,n,e){function r(t){}if(window.performance&amp;&amp;window.performance.timing&amp;&amp;window.performance.getEntriesByType){var o=t("ee"),i=t("handle"),a=t(9),s=t(8),c="learResourceTimings",f="addEventListener",u="resourcetimingbufferfull",d="bstResource",l="resource",p="-start",h="-end",m="fn"+p,w="fn"+h,v="bstTimer",g="pushState",y=t("loader");y.features.stn=!0,t(7),"addEventListener"in window&amp;&amp;t(5);var x=NREUM.o.EV;o.on(m,function(t,n){var e=t[0];e instanceof x&amp;&amp;(this.bstStart=y.now())}),o.on(w,function(t,n){var e=t[0];e instanceof x&amp;&amp;i("bst",[e,n,this.bstStart,y.now()])}),a.on(m,function(t,n,e){this.bstStart=y.now(),this.bstType=e}),a.on(w,function(t,n){i(v,[n,this.bstStart,y.now(),this.bstType])}),s.on(m,function(){this.bstStart=y.now()}),s.on(w,function(t,n){i(v,[n,this.bstStart,y.now(),"requestAnimationFrame"])}),o.on(g+p,function(t){this.time=y.now(),this.startPath=location.pathname+location.hash}),o.on(g+h,function(t){i("bstHist",[location.pathname+location.hash,this.startPath,this.time])}),f in window.performance&amp;&amp;(window.performance["c"+c]?window.performance[f](u,function(t){i(d,[window.performance.getEntriesByType(l)]),window.performance["c"+c]()},!1):window.performance[f]("webkit"+u,function(t){i(d,[window.performance.getEntriesByType(l)]),window.performance["webkitC"+c]()},!1)),document[f]("scroll",r,{passive:!0}),document[f]("keypress",r,!1),document[f]("click",r,!1)}},{}],5:[function(t,n,e){function r(t){for(var n=t;n&amp;&amp;!n.hasOwnProperty(u);)n=Object.getPrototypeOf(n);n&amp;&amp;o(n)}function o(t){s.inPlace(t,[u,d],"-",i)}function i(t,n){return t[1]}var a=t("ee").get("events"),s=t("wrap-function")(a,!0),c=t("gos"),f=XMLHttpRequest,u="addEventListener",d="removeEventListener";n.exports=a,"getPrototypeOf"in Object?(r(document),r(window),r(f.prototype)):f.prototype.hasOwnProperty(u)&amp;&amp;(o(window),o(f.prototype)),a.on(u+"-start",function(t,n){var e=t[1],r=c(e,"nr@wrapped",function(){function t(){if("function"==typeof e.handleEvent)return e.handleEvent.apply(e,arguments)}var n={object:t,"function":e}[typeof e];return n?s(n,"fn-",null,n.name||"anonymous"):e});this.wrapped=t[1]=r}),a.on(d+"-start",function(t){t[1]=this.wrapped||t[1]})},{}],6:[function(t,n,e){function r(t,n,e){var r=t[n];"function"==typeof r&amp;&amp;(t[n]=function(){var t=i(arguments),n={};o.emit(e+"before-start",[t],n);var a;n[m]&amp;&amp;n[m].dt&amp;&amp;(a=n[m].dt);var s=r.apply(this,t);return o.emit(e+"start",[t,a],s),s.then(function(t){return o.emit(e+"end",[null,t],s),t},function(t){throw o.emit(e+"end",[t],s),t})})}var o=t("ee").get("fetch"),i=t(22),a=t(21);n.exports=o;var s=window,c="fetch-",f=c+"body-",u=["arrayBuffer","blob","json","text","formData"],d=s.Request,l=s.Response,p=s.fetch,h="prototype",m="nr@context";d&amp;&amp;l&amp;&amp;p&amp;&amp;(a(u,function(t,n){r(d[h],n,f),r(l[h],n,f)}),r(s,"fetch",c),o.on(c+"end",function(t,n){var e=this;if(n){var r=n.headers.get("content-length");null!==r&amp;&amp;(e.rxSize=r),o.emit(c+"done",[null,n],e)}else o.emit(c+"done",[t],e)}))},{}],7:[function(t,n,e){var r=t("ee").get("history"),o=t("wrap-function")(r);n.exports=r;var i=window.history&amp;&amp;window.history.constructor&amp;&amp;window.history.constructor.prototype,a=window.history;i&amp;&amp;i.pushState&amp;&amp;i.replaceState&amp;&amp;(a=i),o.inPlace(a,["pushState","replaceState"],"-")},{}],8:[function(t,n,e){var r=t("ee").get("raf"),o=t("wrap-function")(r),i="equestAnimationFrame";n.exports=r,o.inPlace(window,["r"+i,"mozR"+i,"webkitR"+i,"msR"+i],"raf-"),r.on("raf-start",function(t){t[0]=o(t[0],"fn-")})},{}],9:[function(t,n,e){function r(t,n,e){t[0]=a(t[0],"fn-",null,e)}function o(t,n,e){this.method=e,this.timerDuration=isNaN(t[1])?0:+t[1],t[0]=a(t[0],"fn-",this,e)}var i=t("ee").get("timer"),a=t("wrap-function")(i),s="setTimeout",c="setInterval",f="clearTimeout",u="-start",d="-";n.exports=i,a.inPlace(window,[s,"setImmediate"],s+d),a.inPlace(window,[c],c+d),a.inPlace(window,[f,"clearImmediate"],f+d),i.on(c+u,r),i.on(s+u,o)},{}],10:[function(t,n,e){function r(t,n){d.inPlace(n,["onreadystatechange"],"fn-",s)}function o(){var t=this,n=u.context(t);t.readyState&gt;3&amp;&amp;!n.resolved&amp;&amp;(n.resolved=!0,u.emit("xhr-resolved",[],t)),d.inPlace(t,g,"fn-",s)}function i(t){y.push(t),h&amp;&amp;(b?b.then(a):w?w(a):(E=-E,O.data=E))}function a(){for(var t=0;t&lt;y.length;t++)r([],y[t]);y.length&amp;&amp;(y=[])}function s(t,n){return n}function c(t,n){for(var e in t)n[e]=t[e];return n}t(5);var f=t("ee"),u=f.get("xhr"),d=t("wrap-function")(u),l=NREUM.o,p=l.XHR,h=l.MO,m=l.PR,w=l.SI,v="readystatechange",g=["onload","onerror","onabort","onloadstart","onloadend","onprogress","ontimeout"],y=[];n.exports=u;var x=window.XMLHttpRequest=function(t){var n=new p(t);try{u.emit("new-xhr",[n],n),n.addEventListener(v,o,!1)}catch(e){try{u.emit("internal-error",[e])}catch(r){}}return n};if(c(p,x),x.prototype=p.prototype,d.inPlace(x.prototype,["open","send"],"-xhr-",s),u.on("send-xhr-start",function(t,n){r(t,n),i(n)}),u.on("open-xhr-start",r),h){var b=m&amp;&amp;m.resolve();if(!w&amp;&amp;!m){var E=1,O=document.createTextNode(E);new h(a).observe(O,{characterData:!0})}}else f.on("fn-end",function(t){t[0]&amp;&amp;t[0].type===v||a()})},{}],11:[function(t,n,e){function r(t){if(!i(t))return null;var n=window.NREUM;if(!n.loader_config)return null;var e=(n.loader_config.accountID||"").toString()||null,r=(n.loader_config.agentID||"").toString()||null,s=(n.loader_config.trustKey||"").toString()||null;if(!e||!r)return null;var c=a.generateCatId(),f=a.generateCatId(),u=Date.now(),d=o(c,f,u,e,r,s);return{header:d,guid:c,traceId:f,timestamp:u}}function o(t,n,e,r,o,i){var a="btoa"in window&amp;&amp;"function"==typeof window.btoa;if(!a)return null;var s={v:[0,1],d:{ty:"Browser",ac:r,ap:o,id:t,tr:n,ti:e}};return i&amp;&amp;r!==i&amp;&amp;(s.d.tk=i),btoa(JSON.stringify(s))}function i(t){var n=!1,e=!1,r={};if("init"in NREUM&amp;&amp;"distributed_tracing"in NREUM.init&amp;&amp;(r=NREUM.init.distributed_tracing,e=!!r.enabled),e)if(t.sameOrigin)n=!0;else if(r.allowed_origins instanceof Array)for(var o=0;o&lt;r.allowed_origins.length;o++){var i=s(r.allowed_origins[o]);if(t.hostname===i.hostname&amp;&amp;t.protocol===i.protocol&amp;&amp;t.port===i.port){n=!0;break}}return e&amp;&amp;n}var a=t(19),s=t(13);n.exports={generateTracePayload:r,shouldGenerateTrace:i}},{}],12:[function(t,n,e){function r(t){var n=this.params,e=this.metrics;if(!this.ended){this.ended=!0;for(var r=0;r&lt;l;r++)t.removeEventListener(d[r],this.listener,!1);n.aborted||(e.duration=a.now()-this.startTime,this.loadCaptureCalled||4!==t.readyState?null==n.status&amp;&amp;(n.status=0):i(this,t),e.cbTime=this.cbTime,u.emit("xhr-done",[t],t),s("xhr",[n,e,this.startTime]))}}function o(t,n){var e=c(n),r=t.params;r.host=e.hostname+":"+e.port,r.pathname=e.pathname,t.parsedOrigin=c(n),t.sameOrigin=t.parsedOrigin.sameOrigin}function i(t,n){t.params.status=n.status;var e=w(n,t.lastSize);if(e&amp;&amp;(t.metrics.rxSize=e),t.sameOrigin){var r=n.getResponseHeader("X-NewRelic-App-Data");r&amp;&amp;(t.params.cat=r.split(", ").pop())}t.loadCaptureCalled=!0}var a=t("loader");if(a.xhrWrappable){var s=t("handle"),c=t(13),f=t(11).generateTracePayload,u=t("ee"),d=["load","error","abort","timeout"],l=d.length,p=t("id"),h=t(17),m=t(16),w=t(14),v=window.XMLHttpRequest;a.features.xhr=!0,t(10),t(6),u.on("new-xhr",function(t){var n=this;n.totalCbs=0,n.called=0,n.cbTime=0,n.end=r,n.ended=!1,n.xhrGuids={},n.lastSize=null,n.loadCaptureCalled=!1,t.addEventListener("load",function(e){i(n,t)},!1),h&amp;&amp;(h&gt;34||h&lt;10)||window.opera||t.addEventListener("progress",function(t){n.lastSize=t.loaded},!1)}),u.on("open-xhr-start",function(t){this.params={method:t[0]},o(this,t[1]),this.metrics={}}),u.on("open-xhr-end",function(t,n){"loader_config"in NREUM&amp;&amp;"xpid"in NREUM.loader_config&amp;&amp;this.sameOrigin&amp;&amp;n.setRequestHeader("X-NewRelic-ID",NREUM.loader_config.xpid);var e=f(this.parsedOrigin);e&amp;&amp;e.header&amp;&amp;(n.setRequestHeader("newrelic",e.header),this.dt=e)}),u.on("send-xhr-start",function(t,n){var e=this.metrics,r=t[0],o=this;if(e&amp;&amp;r){var i=m(r);i&amp;&amp;(e.txSize=i)}this.startTime=a.now(),this.listener=function(t){try{"abort"!==t.type||o.loadCaptureCalled||(o.params.aborted=!0),("load"!==t.type||o.called===o.totalCbs&amp;&amp;(o.onloadCalled||"function"!=typeof n.onload))&amp;&amp;o.end(n)}catch(e){try{u.emit("internal-error",[e])}catch(r){}}};for(var s=0;s&lt;l;s++)n.addEventListener(d[s],this.listener,!1)}),u.on("xhr-cb-time",function(t,n,e){this.cbTime+=t,n?this.onloadCalled=!0:this.called+=1,this.called!==this.totalCbs||!this.onloadCalled&amp;&amp;"function"==typeof e.onload||this.end(e)}),u.on("xhr-load-added",function(t,n){var e=""+p(t)+!!n;this.xhrGuids&amp;&amp;!this.xhrGuids[e]&amp;&amp;(this.xhrGuids[e]=!0,this.totalCbs+=1)}),u.on("xhr-load-removed",function(t,n){var e=""+p(t)+!!n;this.xhrGuids&amp;&amp;this.xhrGuids[e]&amp;&amp;(delete this.xhrGuids[e],this.totalCbs-=1)}),u.on("addEventListener-end",function(t,n){n instanceof v&amp;&amp;"load"===t[0]&amp;&amp;u.emit("xhr-load-added",[t[1],t[2]],n)}),u.on("removeEventListener-end",function(t,n){n instanceof v&amp;&amp;"load"===t[0]&amp;&amp;u.emit("xhr-load-removed",[t[1],t[2]],n)}),u.on("fn-start",function(t,n,e){n instanceof v&amp;&amp;("onload"===e&amp;&amp;(this.onload=!0),("load"===(t[0]&amp;&amp;t[0].type)||this.onload)&amp;&amp;(this.xhrCbStart=a.now()))}),u.on("fn-end",function(t,n){this.xhrCbStart&amp;&amp;u.emit("xhr-cb-time",[a.now()-this.xhrCbStart,this.onload,n],n)}),u.on("fetch-before-start",function(t){var n,e=t[1]||{};"string"==typeof t[0]?n=t[0]:t[0]&amp;&amp;t[0].url&amp;&amp;(n=t[0].url),n&amp;&amp;(this.parsedOrigin=c(n),this.sameOrigin=this.parsedOrigin.sameOrigin);var r=f(this.parsedOrigin);if(r&amp;&amp;r.header){var o=r.header;if("string"==typeof t[0]){var i={};for(var a in e)i[a]=e[a];i.headers=new Headers(e.headers||{}),i.headers.set("newrelic",o),this.dt=r,t.length&gt;1?t[1]=i:t.push(i)}else t[0]&amp;&amp;t[0].headers&amp;&amp;(t[0].headers.append("newrelic",o),this.dt=r)}})}},{}],13:[function(t,n,e){var r={};n.exports=function(t){if(t in r)return r[t];var n=document.createElement("a"),e=window.location,o={};n.href=t,o.port=n.port;var i=n.href.split("://");!o.port&amp;&amp;i[1]&amp;&amp;(o.port=i[1].split("/")[0].split("@").pop().split(":")[1]),o.port&amp;&amp;"0"!==o.port||(o.port="https"===i[0]?"443":"80"),o.hostname=n.hostname||e.hostname,o.pathname=n.pathname,o.protocol=i[0],"/"!==o.pathname.charAt(0)&amp;&amp;(o.pathname="/"+o.pathname);var a=!n.protocol||":"===n.protocol||n.protocol===e.protocol,s=n.hostname===document.domain&amp;&amp;n.port===e.port;return o.sameOrigin=a&amp;&amp;(!n.hostname||s),"/"===o.pathname&amp;&amp;(r[t]=o),o}},{}],14:[function(t,n,e){function r(t,n){var e=t.responseType;return"json"===e&amp;&amp;null!==n?n:"arraybuffer"===e||"blob"===e||"json"===e?o(t.response):"text"===e||""===e||void 0===e?o(t.responseText):void 0}var o=t(16);n.exports=r},{}],15:[function(t,n,e){function r(){}function o(t,n,e){return function(){return i(t,[f.now()].concat(s(arguments)),n?null:this,e),n?void 0:this}}var i=t("handle"),a=t(21),s=t(22),c=t("ee").get("tracer"),f=t("loader"),u=NREUM;"undefined"==typeof window.newrelic&amp;&amp;(newrelic=u);var d=["setPageViewName","setCustomAttribute","setErrorHandler","finished","addToTrace","inlineHit","addRelease"],l="api-",p=l+"ixn-";a(d,function(t,n){u[n]=o(l+n,!0,"api")}),u.addPageAction=o(l+"addPageAction",!0),u.setCurrentRouteName=o(l+"routeName",!0),n.exports=newrelic,u.interaction=function(){return(new r).get()};var h=r.prototype={createTracer:function(t,n){var e={},r=this,o="function"==typeof n;return i(p+"tracer",[f.now(),t,e],r),function(){if(c.emit((o?"":"no-")+"fn-start",[f.now(),r,o],e),o)try{return n.apply(this,arguments)}catch(t){throw c.emit("fn-err",[arguments,this,t],e),t}finally{c.emit("fn-end",[f.now()],e)}}}};a("actionText,setName,setAttribute,save,ignore,onEnd,getContext,end,get".split(","),function(t,n){h[n]=o(p+n)}),newrelic.noticeError=function(t,n){"string"==typeof t&amp;&amp;(t=new Error(t)),i("err",[t,f.now(),!1,n])}},{}],16:[function(t,n,e){n.exports=function(t){if("string"==typeof t&amp;&amp;t.length)return t.length;if("object"==typeof t){if("undefined"!=typeof ArrayBuffer&amp;&amp;t instanceof ArrayBuffer&amp;&amp;t.byteLength)return t.byteLength;if("undefined"!=typeof Blob&amp;&amp;t instanceof Blob&amp;&amp;t.size)return t.size;if(!("undefined"!=typeof FormData&amp;&amp;t instanceof FormData))try{return JSON.stringify(t).length}catch(n){return}}}},{}],17:[function(t,n,e){var r=0,o=navigator.userAgent.match(/Firefox[\/\s](\d+\.\d+)/);o&amp;&amp;(r=+o[1]),n.exports=r},{}],18:[function(t,n,e){function r(t,n){var e=t.getEntries();e.forEach(function(t){"first-paint"===t.name?c("timing",["fp",Math.floor(t.startTime)]):"first-contentful-paint"===t.name&amp;&amp;c("timing",["fcp",Math.floor(t.startTime)])})}function o(t,n){var e=t.getEntries();e.length&gt;0&amp;&amp;c("lcp",[e[e.length-1]])}function i(t){if(t instanceof u&amp;&amp;!l){var n,e=Math.round(t.timeStamp);n=e&gt;1e12?Date.now()-e:f.now()-e,l=!0,c("timing",["fi",e,{type:t.type,fid:n}])}}if(!("init"in NREUM&amp;&amp;"page_view_timing"in NREUM.init&amp;&amp;"enabled"in NREUM.init.page_view_timing&amp;&amp;NREUM.init.page_view_timing.enabled===!1)){var a,s,c=t("handle"),f=t("loader"),u=NREUM.o.EV;if("PerformanceObserver"in window&amp;&amp;"function"==typeof window.PerformanceObserver){a=new PerformanceObserver(r),s=new PerformanceObserver(o);try{a.observe({entryTypes:["paint"]}),s.observe({entryTypes:["largest-contentful-paint"]})}catch(d){}}if("addEventListener"in document){var l=!1,p=["click","keydown","mousedown","pointerdown","touchstart"];p.forEach(function(t){document.addEventListener(t,i,!1)})}}},{}],19:[function(t,n,e){function r(){function t(){return n?15&amp;n[e++]:16*Math.random()|0}var n=null,e=0,r=window.crypto||window.msCrypto;r&amp;&amp;r.getRandomValues&amp;&amp;(n=r.getRandomValues(new Uint8Array(31)));for(var o,i="xxxxxxxx-xxxx-4xxx-yxxx-xxxxxxxxxxxx",a="",s=0;s&lt;i.length;s++)o=i[s],"x"===o?a+=t().toString(16):"y"===o?(o=3&amp;t()|8,a+=o.toString(16)):a+=o;return a}function o(){function t(){return n?15&amp;n[e++]:16*Math.random()|0}var n=null,e=0,r=window.crypto||window.msCrypto;r&amp;&amp;r.getRandomValues&amp;&amp;Uint8Array&amp;&amp;(n=r.getRandomValues(new Uint8Array(31)));for(var o=[],i=0;i&lt;16;i++)o.push(t().toString(16));return o.join("")}n.exports={generateUuid:r,generateCatId:o}},{}],20:[function(t,n,e){function r(t,n){if(!o)return!1;if(t!==o)return!1;if(!n)return!0;if(!i)return!1;for(var e=i.split("."),r=n.split("."),a=0;a&lt;r.length;a++)if(r[a]!==e[a])return!1;return!0}var o=null,i=null,a=/Version\/(\S+)\s+Safari/;if(navigator.userAgent){var s=navigator.userAgent,c=s.match(a);c&amp;&amp;s.indexOf("Chrome")===-1&amp;&amp;s.indexOf("Chromium")===-1&amp;&amp;(o="Safari",i=c[1])}n.exports={agent:o,version:i,match:r}},{}],21:[function(t,n,e){function r(t,n){var e=[],r="",i=0;for(r in t)o.call(t,r)&amp;&amp;(e[i]=n(r,t[r]),i+=1);return e}var o=Object.prototype.hasOwnProperty;n.exports=r},{}],22:[function(t,n,e){function r(t,n,e){n||(n=0),"undefined"==typeof e&amp;&amp;(e=t?t.length:0);for(var r=-1,o=e-n||0,i=Array(o&lt;0?0:o);++r&lt;o;)i[r]=t[n+r];return i}n.exports=r},{}],23:[function(t,n,e){n.exports={exists:"undefined"!=typeof window.performance&amp;&amp;window.performance.timing&amp;&amp;"undefined"!=typeof window.performance.timing.navigationStart}},{}],ee:[function(t,n,e){function r(){}function o(t){function n(t){return t&amp;&amp;t instanceof r?t:t?c(t,s,i):i()}function e(e,r,o,i){if(!l.aborted||i){t&amp;&amp;t(e,r,o);for(var a=n(o),s=m(e),c=s.length,f=0;f&lt;c;f++)s[f].apply(a,r);var d=u[y[e]];return d&amp;&amp;d.push([x,e,r,a]),a}}function p(t,n){g[t]=m(t).concat(n)}function h(t,n){var e=g[t];if(e)for(var r=0;r&lt;e.length;r++)e[r]===n&amp;&amp;e.splice(r,1)}function m(t){return g[t]||[]}function w(t){return d[t]=d[t]||o(e)}function v(t,n){f(t,function(t,e){n=n||"feature",y[e]=n,n in u||(u[n]=[])})}var g={},y={},x={on:p,addEventListener:p,removeEventListener:h,emit:e,get:w,listeners:m,context:n,buffer:v,abort:a,aborted:!1};return x}function i(){return new r}function a(){(u.api||u.feature)&amp;&amp;(l.aborted=!0,u=l.backlog={})}var s="nr@context",c=t("gos"),f=t(21),u={},d={},l=n.exports=o();l.backlog=u},{}],gos:[function(t,n,e){function r(t,n,e){if(o.call(t,n))return t[n];var r=e();if(Object.defineProperty&amp;&amp;Object.keys)try{return Object.defineProperty(t,n,{value:r,writable:!0,enumerable:!1}),r}catch(i){}return t[n]=r,r}var o=Object.prototype.hasOwnProperty;n.exports=r},{}],handle:[function(t,n,e){function r(t,n,e,r){o.buffer([t],r),o.emit(t,n,e)}var o=t("ee").get("handle");n.exports=r,r.ee=o},{}],id:[function(t,n,e){function r(t){var n=typeof t;return!t||"object"!==n&amp;&amp;"function"!==n?-1:t===window?0:a(t,i,function(){return o++})}var o=1,i="nr@id",a=t("gos");n.exports=r},{}],loader:[function(t,n,e){function r(){if(!E++){var t=b.info=NREUM.info,n=p.getElementsByTagName("script")[0];if(setTimeout(u.abort,3e4),!(t&amp;&amp;t.licenseKey&amp;&amp;t.applicationID&amp;&amp;n))return u.abort();f(y,function(n,e){t[n]||(t[n]=e)}),c("mark",["onload",a()+b.offset],null,"api");var e=p.createElement("script");e.src="https://"+t.agent,n.parentNode.insertBefore(e,n)}}function o(){"complete"===p.readyState&amp;&amp;i()}function i(){c("mark",["domContent",a()+b.offset],null,"api")}function a(){return O.exists&amp;&amp;performance.now?Math.round(performance.now()):(s=Math.max((new Date).getTime(),s))-b.offset}var s=(new Date).getTime(),c=t("handle"),f=t(21),u=t("ee"),d=t(20),l=window,p=l.document,h="addEventListener",m="attachEvent",w=l.XMLHttpRequest,v=w&amp;&amp;w.prototype;NREUM.o={ST:setTimeout,SI:l.setImmediate,CT:clearTimeout,XHR:w,REQ:l.Request,EV:l.Event,PR:l.Promise,MO:l.MutationObserver};var g=""+location,y={beacon:"bam.nr-data.net",errorBeacon:"bam.nr-data.net",agent:"js-agent.newrelic.com/nr-1169.min.js"},x=w&amp;&amp;v&amp;&amp;v[h]&amp;&amp;!/CriOS/.test(navigator.userAgent),b=n.exports={offset:s,now:a,origin:g,features:{},xhrWrappable:x,userAgent:d};t(15),t(18),p[h]?(p[h]("DOMContentLoaded",i,!1),l[h]("load",r,!1)):(p[m]("onreadystatechange",o),l[m]("onload",r)),c("mark",["firstbyte",s],null,"api");var E=0,O=t(23)},{}],"wrap-function":[function(t,n,e){function r(t){return!(t&amp;&amp;t instanceof Function&amp;&amp;t.apply&amp;&amp;!t[a])}var o=t("ee"),i=t(22),a="nr@original",s=Object.prototype.hasOwnProperty,c=!1;n.exports=function(t,n){function e(t,n,e,o){function nrWrapper(){var r,a,s,c;try{a=this,r=i(arguments),s="function"==typeof e?e(r,a):e||{}}catch(f){l([f,"",[r,a,o],s])}u(n+"start",[r,a,o],s);try{return c=t.apply(a,r)}catch(d){throw u(n+"err",[r,a,d],s),d}finally{u(n+"end",[r,a,c],s)}}return r(t)?t:(n||(n=""),nrWrapper[a]=t,d(t,nrWrapper),nrWrapper)}function f(t,n,o,i){o||(o="");var a,s,c,f="-"===o.charAt(0);for(c=0;c&lt;n.length;c++)s=n[c],a=t[s],r(a)||(t[s]=e(a,f?s+o:o,i,s))}function u(e,r,o){if(!c||n){var i=c;c=!0;try{t.emit(e,r,o,n)}catch(a){l([a,e,r,o])}c=i}}function d(t,n){if(Object.defineProperty&amp;&amp;Object.keys)try{var e=Object.keys(t);return e.forEach(function(e){Object.defineProperty(n,e,{get:function(){return t[e]},set:function(n){return t[e]=n,n}})}),n}catch(r){l([r])}for(var o in t)s.call(t,o)&amp;&amp;(n[o]=t[o]);return n}function l(n){try{t.emit("internal-error",n)}catch(e){}}return t||(t=o),e.inPlace=f,e.flag=a,e}},{}]},{},["loader",2,12,4,3]);&lt;/script&gt;
&lt;title&gt;Method not allowed&lt;/title&gt;
&lt;style&gt;
            body{
                margin:0;
                padding:30px;
                font:12px/1.5 Helvetica,Arial,Verdana,sans-serif;
            }
            h1{
                margin:0;
                font-size:48px;
                font-weight:normal;
                line-height:48px;
            }
        &lt;/style&gt;
&lt;/head&gt;
&lt;body&gt;
&lt;h1&gt;Method not allowed&lt;/h1&gt;
&lt;p&gt;Method not allowed. Must be one of: &lt;strong&gt;OPTIONS&lt;/strong&gt;&lt;/p&gt;
&lt;script type="text/javascript"&gt;window.NREUM||(NREUM={});NREUM.info={"beacon":"bam.nr-data.net","licenseKey":"1fc0fe9bd8","applicationID":"216198287","transactionName":"NFcAbBZYVxYFUUBdCQ0dN0oNFlgVDR1CB0kKXAZdHBdJDRQ=","queueTime":0,"applicationTime":173,"atts":"GBAXGl5CRElGUxYOHR5P","errorBeacon":"bam.nr-data.net","agent":""}&lt;/script&gt;&lt;/body&gt;
&lt;/html&gt;</msg>
<status status="PASS" starttime="20200707 11:19:18.609" endtime="20200707 11:19:18.610"></status>
</kw>
<kw name="Set Test Variable" library="BuiltIn">
<doc>Makes a variable available everywhere within the scope of the current test.</doc>
<arguments>
<arg>${RESPOSTA}</arg>
</arguments>
<msg timestamp="20200707 11:19:18.610" level="INFO">${RESPOSTA} = &lt;Response [405]&gt;</msg>
<status status="PASS" starttime="20200707 11:19:18.610" endtime="20200707 11:19:18.611"></status>
</kw>
<status status="PASS" starttime="20200707 11:19:18.608" endtime="20200707 11:19:18.611"></status>
</kw>
<kw name="Confere endereço do CEP" library="Resource">
<arguments>
<arg>${ADDRESS1}</arg>
</arguments>
<kw name="Log" library="BuiltIn">
<doc>Logs the given message with the given level.</doc>
<arguments>
<arg>Resposta: ${RESPOSTA.text}</arg>
</arguments>
<msg timestamp="20200707 11:19:18.612" level="INFO">Resposta: &lt;html&gt;
&lt;head&gt;&lt;script type="text/javascript"&gt;(window.NREUM||(NREUM={})).loader_config={xpid:"VgUGUlFUABACVVdTDgkFXlM=",licenseKey:"1fc0fe9bd8",applicationID:"216198287"};window.NREUM||(NREUM={}),__nr_require=function(t,n,e){function r(e){if(!n[e]){var o=n[e]={exports:{}};t[e][0].call(o.exports,function(n){var o=t[e][1][n];return r(o||n)},o,o.exports)}return n[e].exports}if("function"==typeof __nr_require)return __nr_require;for(var o=0;o&lt;e.length;o++)r(e[o]);return r}({1:[function(t,n,e){function r(t){try{s.console&amp;&amp;console.log(t)}catch(n){}}var o,i=t("ee"),a=t(21),s={};try{o=localStorage.getItem("__nr_flags").split(","),console&amp;&amp;"function"==typeof console.log&amp;&amp;(s.console=!0,o.indexOf("dev")!==-1&amp;&amp;(s.dev=!0),o.indexOf("nr_dev")!==-1&amp;&amp;(s.nrDev=!0))}catch(c){}s.nrDev&amp;&amp;i.on("internal-error",function(t){r(t.stack)}),s.dev&amp;&amp;i.on("fn-err",function(t,n,e){r(e.stack)}),s.dev&amp;&amp;(r("NR AGENT IN DEVELOPMENT MODE"),r("flags: "+a(s,function(t,n){return t}).join(", ")))},{}],2:[function(t,n,e){function r(t,n,e,r,s){try{p?p-=1:o(s||new UncaughtException(t,n,e),!0)}catch(f){try{i("ierr",[f,c.now(),!0])}catch(d){}}return"function"==typeof u&amp;&amp;u.apply(this,a(arguments))}function UncaughtException(t,n,e){this.message=t||"Uncaught error with no additional information",this.sourceURL=n,this.line=e}function o(t,n){var e=n?null:c.now();i("err",[t,e])}var i=t("handle"),a=t(22),s=t("ee"),c=t("loader"),f=t("gos"),u=window.onerror,d=!1,l="nr@seenError",p=0;c.features.err=!0,t(1),window.onerror=r;try{throw new Error}catch(h){"stack"in h&amp;&amp;(t(9),t(8),"addEventListener"in window&amp;&amp;t(5),c.xhrWrappable&amp;&amp;t(10),d=!0)}s.on("fn-start",function(t,n,e){d&amp;&amp;(p+=1)}),s.on("fn-err",function(t,n,e){d&amp;&amp;!e[l]&amp;&amp;(f(e,l,function(){return!0}),this.thrown=!0,o(e))}),s.on("fn-end",function(){d&amp;&amp;!this.thrown&amp;&amp;p&gt;0&amp;&amp;(p-=1)}),s.on("internal-error",function(t){i("ierr",[t,c.now(),!0])})},{}],3:[function(t,n,e){t("loader").features.ins=!0},{}],4:[function(t,n,e){function r(t){}if(window.performance&amp;&amp;window.performance.timing&amp;&amp;window.performance.getEntriesByType){var o=t("ee"),i=t("handle"),a=t(9),s=t(8),c="learResourceTimings",f="addEventListener",u="resourcetimingbufferfull",d="bstResource",l="resource",p="-start",h="-end",m="fn"+p,w="fn"+h,v="bstTimer",g="pushState",y=t("loader");y.features.stn=!0,t(7),"addEventListener"in window&amp;&amp;t(5);var x=NREUM.o.EV;o.on(m,function(t,n){var e=t[0];e instanceof x&amp;&amp;(this.bstStart=y.now())}),o.on(w,function(t,n){var e=t[0];e instanceof x&amp;&amp;i("bst",[e,n,this.bstStart,y.now()])}),a.on(m,function(t,n,e){this.bstStart=y.now(),this.bstType=e}),a.on(w,function(t,n){i(v,[n,this.bstStart,y.now(),this.bstType])}),s.on(m,function(){this.bstStart=y.now()}),s.on(w,function(t,n){i(v,[n,this.bstStart,y.now(),"requestAnimationFrame"])}),o.on(g+p,function(t){this.time=y.now(),this.startPath=location.pathname+location.hash}),o.on(g+h,function(t){i("bstHist",[location.pathname+location.hash,this.startPath,this.time])}),f in window.performance&amp;&amp;(window.performance["c"+c]?window.performance[f](u,function(t){i(d,[window.performance.getEntriesByType(l)]),window.performance["c"+c]()},!1):window.performance[f]("webkit"+u,function(t){i(d,[window.performance.getEntriesByType(l)]),window.performance["webkitC"+c]()},!1)),document[f]("scroll",r,{passive:!0}),document[f]("keypress",r,!1),document[f]("click",r,!1)}},{}],5:[function(t,n,e){function r(t){for(var n=t;n&amp;&amp;!n.hasOwnProperty(u);)n=Object.getPrototypeOf(n);n&amp;&amp;o(n)}function o(t){s.inPlace(t,[u,d],"-",i)}function i(t,n){return t[1]}var a=t("ee").get("events"),s=t("wrap-function")(a,!0),c=t("gos"),f=XMLHttpRequest,u="addEventListener",d="removeEventListener";n.exports=a,"getPrototypeOf"in Object?(r(document),r(window),r(f.prototype)):f.prototype.hasOwnProperty(u)&amp;&amp;(o(window),o(f.prototype)),a.on(u+"-start",function(t,n){var e=t[1],r=c(e,"nr@wrapped",function(){function t(){if("function"==typeof e.handleEvent)return e.handleEvent.apply(e,arguments)}var n={object:t,"function":e}[typeof e];return n?s(n,"fn-",null,n.name||"anonymous"):e});this.wrapped=t[1]=r}),a.on(d+"-start",function(t){t[1]=this.wrapped||t[1]})},{}],6:[function(t,n,e){function r(t,n,e){var r=t[n];"function"==typeof r&amp;&amp;(t[n]=function(){var t=i(arguments),n={};o.emit(e+"before-start",[t],n);var a;n[m]&amp;&amp;n[m].dt&amp;&amp;(a=n[m].dt);var s=r.apply(this,t);return o.emit(e+"start",[t,a],s),s.then(function(t){return o.emit(e+"end",[null,t],s),t},function(t){throw o.emit(e+"end",[t],s),t})})}var o=t("ee").get("fetch"),i=t(22),a=t(21);n.exports=o;var s=window,c="fetch-",f=c+"body-",u=["arrayBuffer","blob","json","text","formData"],d=s.Request,l=s.Response,p=s.fetch,h="prototype",m="nr@context";d&amp;&amp;l&amp;&amp;p&amp;&amp;(a(u,function(t,n){r(d[h],n,f),r(l[h],n,f)}),r(s,"fetch",c),o.on(c+"end",function(t,n){var e=this;if(n){var r=n.headers.get("content-length");null!==r&amp;&amp;(e.rxSize=r),o.emit(c+"done",[null,n],e)}else o.emit(c+"done",[t],e)}))},{}],7:[function(t,n,e){var r=t("ee").get("history"),o=t("wrap-function")(r);n.exports=r;var i=window.history&amp;&amp;window.history.constructor&amp;&amp;window.history.constructor.prototype,a=window.history;i&amp;&amp;i.pushState&amp;&amp;i.replaceState&amp;&amp;(a=i),o.inPlace(a,["pushState","replaceState"],"-")},{}],8:[function(t,n,e){var r=t("ee").get("raf"),o=t("wrap-function")(r),i="equestAnimationFrame";n.exports=r,o.inPlace(window,["r"+i,"mozR"+i,"webkitR"+i,"msR"+i],"raf-"),r.on("raf-start",function(t){t[0]=o(t[0],"fn-")})},{}],9:[function(t,n,e){function r(t,n,e){t[0]=a(t[0],"fn-",null,e)}function o(t,n,e){this.method=e,this.timerDuration=isNaN(t[1])?0:+t[1],t[0]=a(t[0],"fn-",this,e)}var i=t("ee").get("timer"),a=t("wrap-function")(i),s="setTimeout",c="setInterval",f="clearTimeout",u="-start",d="-";n.exports=i,a.inPlace(window,[s,"setImmediate"],s+d),a.inPlace(window,[c],c+d),a.inPlace(window,[f,"clearImmediate"],f+d),i.on(c+u,r),i.on(s+u,o)},{}],10:[function(t,n,e){function r(t,n){d.inPlace(n,["onreadystatechange"],"fn-",s)}function o(){var t=this,n=u.context(t);t.readyState&gt;3&amp;&amp;!n.resolved&amp;&amp;(n.resolved=!0,u.emit("xhr-resolved",[],t)),d.inPlace(t,g,"fn-",s)}function i(t){y.push(t),h&amp;&amp;(b?b.then(a):w?w(a):(E=-E,O.data=E))}function a(){for(var t=0;t&lt;y.length;t++)r([],y[t]);y.length&amp;&amp;(y=[])}function s(t,n){return n}function c(t,n){for(var e in t)n[e]=t[e];return n}t(5);var f=t("ee"),u=f.get("xhr"),d=t("wrap-function")(u),l=NREUM.o,p=l.XHR,h=l.MO,m=l.PR,w=l.SI,v="readystatechange",g=["onload","onerror","onabort","onloadstart","onloadend","onprogress","ontimeout"],y=[];n.exports=u;var x=window.XMLHttpRequest=function(t){var n=new p(t);try{u.emit("new-xhr",[n],n),n.addEventListener(v,o,!1)}catch(e){try{u.emit("internal-error",[e])}catch(r){}}return n};if(c(p,x),x.prototype=p.prototype,d.inPlace(x.prototype,["open","send"],"-xhr-",s),u.on("send-xhr-start",function(t,n){r(t,n),i(n)}),u.on("open-xhr-start",r),h){var b=m&amp;&amp;m.resolve();if(!w&amp;&amp;!m){var E=1,O=document.createTextNode(E);new h(a).observe(O,{characterData:!0})}}else f.on("fn-end",function(t){t[0]&amp;&amp;t[0].type===v||a()})},{}],11:[function(t,n,e){function r(t){if(!i(t))return null;var n=window.NREUM;if(!n.loader_config)return null;var e=(n.loader_config.accountID||"").toString()||null,r=(n.loader_config.agentID||"").toString()||null,s=(n.loader_config.trustKey||"").toString()||null;if(!e||!r)return null;var c=a.generateCatId(),f=a.generateCatId(),u=Date.now(),d=o(c,f,u,e,r,s);return{header:d,guid:c,traceId:f,timestamp:u}}function o(t,n,e,r,o,i){var a="btoa"in window&amp;&amp;"function"==typeof window.btoa;if(!a)return null;var s={v:[0,1],d:{ty:"Browser",ac:r,ap:o,id:t,tr:n,ti:e}};return i&amp;&amp;r!==i&amp;&amp;(s.d.tk=i),btoa(JSON.stringify(s))}function i(t){var n=!1,e=!1,r={};if("init"in NREUM&amp;&amp;"distributed_tracing"in NREUM.init&amp;&amp;(r=NREUM.init.distributed_tracing,e=!!r.enabled),e)if(t.sameOrigin)n=!0;else if(r.allowed_origins instanceof Array)for(var o=0;o&lt;r.allowed_origins.length;o++){var i=s(r.allowed_origins[o]);if(t.hostname===i.hostname&amp;&amp;t.protocol===i.protocol&amp;&amp;t.port===i.port){n=!0;break}}return e&amp;&amp;n}var a=t(19),s=t(13);n.exports={generateTracePayload:r,shouldGenerateTrace:i}},{}],12:[function(t,n,e){function r(t){var n=this.params,e=this.metrics;if(!this.ended){this.ended=!0;for(var r=0;r&lt;l;r++)t.removeEventListener(d[r],this.listener,!1);n.aborted||(e.duration=a.now()-this.startTime,this.loadCaptureCalled||4!==t.readyState?null==n.status&amp;&amp;(n.status=0):i(this,t),e.cbTime=this.cbTime,u.emit("xhr-done",[t],t),s("xhr",[n,e,this.startTime]))}}function o(t,n){var e=c(n),r=t.params;r.host=e.hostname+":"+e.port,r.pathname=e.pathname,t.parsedOrigin=c(n),t.sameOrigin=t.parsedOrigin.sameOrigin}function i(t,n){t.params.status=n.status;var e=w(n,t.lastSize);if(e&amp;&amp;(t.metrics.rxSize=e),t.sameOrigin){var r=n.getResponseHeader("X-NewRelic-App-Data");r&amp;&amp;(t.params.cat=r.split(", ").pop())}t.loadCaptureCalled=!0}var a=t("loader");if(a.xhrWrappable){var s=t("handle"),c=t(13),f=t(11).generateTracePayload,u=t("ee"),d=["load","error","abort","timeout"],l=d.length,p=t("id"),h=t(17),m=t(16),w=t(14),v=window.XMLHttpRequest;a.features.xhr=!0,t(10),t(6),u.on("new-xhr",function(t){var n=this;n.totalCbs=0,n.called=0,n.cbTime=0,n.end=r,n.ended=!1,n.xhrGuids={},n.lastSize=null,n.loadCaptureCalled=!1,t.addEventListener("load",function(e){i(n,t)},!1),h&amp;&amp;(h&gt;34||h&lt;10)||window.opera||t.addEventListener("progress",function(t){n.lastSize=t.loaded},!1)}),u.on("open-xhr-start",function(t){this.params={method:t[0]},o(this,t[1]),this.metrics={}}),u.on("open-xhr-end",function(t,n){"loader_config"in NREUM&amp;&amp;"xpid"in NREUM.loader_config&amp;&amp;this.sameOrigin&amp;&amp;n.setRequestHeader("X-NewRelic-ID",NREUM.loader_config.xpid);var e=f(this.parsedOrigin);e&amp;&amp;e.header&amp;&amp;(n.setRequestHeader("newrelic",e.header),this.dt=e)}),u.on("send-xhr-start",function(t,n){var e=this.metrics,r=t[0],o=this;if(e&amp;&amp;r){var i=m(r);i&amp;&amp;(e.txSize=i)}this.startTime=a.now(),this.listener=function(t){try{"abort"!==t.type||o.loadCaptureCalled||(o.params.aborted=!0),("load"!==t.type||o.called===o.totalCbs&amp;&amp;(o.onloadCalled||"function"!=typeof n.onload))&amp;&amp;o.end(n)}catch(e){try{u.emit("internal-error",[e])}catch(r){}}};for(var s=0;s&lt;l;s++)n.addEventListener(d[s],this.listener,!1)}),u.on("xhr-cb-time",function(t,n,e){this.cbTime+=t,n?this.onloadCalled=!0:this.called+=1,this.called!==this.totalCbs||!this.onloadCalled&amp;&amp;"function"==typeof e.onload||this.end(e)}),u.on("xhr-load-added",function(t,n){var e=""+p(t)+!!n;this.xhrGuids&amp;&amp;!this.xhrGuids[e]&amp;&amp;(this.xhrGuids[e]=!0,this.totalCbs+=1)}),u.on("xhr-load-removed",function(t,n){var e=""+p(t)+!!n;this.xhrGuids&amp;&amp;this.xhrGuids[e]&amp;&amp;(delete this.xhrGuids[e],this.totalCbs-=1)}),u.on("addEventListener-end",function(t,n){n instanceof v&amp;&amp;"load"===t[0]&amp;&amp;u.emit("xhr-load-added",[t[1],t[2]],n)}),u.on("removeEventListener-end",function(t,n){n instanceof v&amp;&amp;"load"===t[0]&amp;&amp;u.emit("xhr-load-removed",[t[1],t[2]],n)}),u.on("fn-start",function(t,n,e){n instanceof v&amp;&amp;("onload"===e&amp;&amp;(this.onload=!0),("load"===(t[0]&amp;&amp;t[0].type)||this.onload)&amp;&amp;(this.xhrCbStart=a.now()))}),u.on("fn-end",function(t,n){this.xhrCbStart&amp;&amp;u.emit("xhr-cb-time",[a.now()-this.xhrCbStart,this.onload,n],n)}),u.on("fetch-before-start",function(t){var n,e=t[1]||{};"string"==typeof t[0]?n=t[0]:t[0]&amp;&amp;t[0].url&amp;&amp;(n=t[0].url),n&amp;&amp;(this.parsedOrigin=c(n),this.sameOrigin=this.parsedOrigin.sameOrigin);var r=f(this.parsedOrigin);if(r&amp;&amp;r.header){var o=r.header;if("string"==typeof t[0]){var i={};for(var a in e)i[a]=e[a];i.headers=new Headers(e.headers||{}),i.headers.set("newrelic",o),this.dt=r,t.length&gt;1?t[1]=i:t.push(i)}else t[0]&amp;&amp;t[0].headers&amp;&amp;(t[0].headers.append("newrelic",o),this.dt=r)}})}},{}],13:[function(t,n,e){var r={};n.exports=function(t){if(t in r)return r[t];var n=document.createElement("a"),e=window.location,o={};n.href=t,o.port=n.port;var i=n.href.split("://");!o.port&amp;&amp;i[1]&amp;&amp;(o.port=i[1].split("/")[0].split("@").pop().split(":")[1]),o.port&amp;&amp;"0"!==o.port||(o.port="https"===i[0]?"443":"80"),o.hostname=n.hostname||e.hostname,o.pathname=n.pathname,o.protocol=i[0],"/"!==o.pathname.charAt(0)&amp;&amp;(o.pathname="/"+o.pathname);var a=!n.protocol||":"===n.protocol||n.protocol===e.protocol,s=n.hostname===document.domain&amp;&amp;n.port===e.port;return o.sameOrigin=a&amp;&amp;(!n.hostname||s),"/"===o.pathname&amp;&amp;(r[t]=o),o}},{}],14:[function(t,n,e){function r(t,n){var e=t.responseType;return"json"===e&amp;&amp;null!==n?n:"arraybuffer"===e||"blob"===e||"json"===e?o(t.response):"text"===e||""===e||void 0===e?o(t.responseText):void 0}var o=t(16);n.exports=r},{}],15:[function(t,n,e){function r(){}function o(t,n,e){return function(){return i(t,[f.now()].concat(s(arguments)),n?null:this,e),n?void 0:this}}var i=t("handle"),a=t(21),s=t(22),c=t("ee").get("tracer"),f=t("loader"),u=NREUM;"undefined"==typeof window.newrelic&amp;&amp;(newrelic=u);var d=["setPageViewName","setCustomAttribute","setErrorHandler","finished","addToTrace","inlineHit","addRelease"],l="api-",p=l+"ixn-";a(d,function(t,n){u[n]=o(l+n,!0,"api")}),u.addPageAction=o(l+"addPageAction",!0),u.setCurrentRouteName=o(l+"routeName",!0),n.exports=newrelic,u.interaction=function(){return(new r).get()};var h=r.prototype={createTracer:function(t,n){var e={},r=this,o="function"==typeof n;return i(p+"tracer",[f.now(),t,e],r),function(){if(c.emit((o?"":"no-")+"fn-start",[f.now(),r,o],e),o)try{return n.apply(this,arguments)}catch(t){throw c.emit("fn-err",[arguments,this,t],e),t}finally{c.emit("fn-end",[f.now()],e)}}}};a("actionText,setName,setAttribute,save,ignore,onEnd,getContext,end,get".split(","),function(t,n){h[n]=o(p+n)}),newrelic.noticeError=function(t,n){"string"==typeof t&amp;&amp;(t=new Error(t)),i("err",[t,f.now(),!1,n])}},{}],16:[function(t,n,e){n.exports=function(t){if("string"==typeof t&amp;&amp;t.length)return t.length;if("object"==typeof t){if("undefined"!=typeof ArrayBuffer&amp;&amp;t instanceof ArrayBuffer&amp;&amp;t.byteLength)return t.byteLength;if("undefined"!=typeof Blob&amp;&amp;t instanceof Blob&amp;&amp;t.size)return t.size;if(!("undefined"!=typeof FormData&amp;&amp;t instanceof FormData))try{return JSON.stringify(t).length}catch(n){return}}}},{}],17:[function(t,n,e){var r=0,o=navigator.userAgent.match(/Firefox[\/\s](\d+\.\d+)/);o&amp;&amp;(r=+o[1]),n.exports=r},{}],18:[function(t,n,e){function r(t,n){var e=t.getEntries();e.forEach(function(t){"first-paint"===t.name?c("timing",["fp",Math.floor(t.startTime)]):"first-contentful-paint"===t.name&amp;&amp;c("timing",["fcp",Math.floor(t.startTime)])})}function o(t,n){var e=t.getEntries();e.length&gt;0&amp;&amp;c("lcp",[e[e.length-1]])}function i(t){if(t instanceof u&amp;&amp;!l){var n,e=Math.round(t.timeStamp);n=e&gt;1e12?Date.now()-e:f.now()-e,l=!0,c("timing",["fi",e,{type:t.type,fid:n}])}}if(!("init"in NREUM&amp;&amp;"page_view_timing"in NREUM.init&amp;&amp;"enabled"in NREUM.init.page_view_timing&amp;&amp;NREUM.init.page_view_timing.enabled===!1)){var a,s,c=t("handle"),f=t("loader"),u=NREUM.o.EV;if("PerformanceObserver"in window&amp;&amp;"function"==typeof window.PerformanceObserver){a=new PerformanceObserver(r),s=new PerformanceObserver(o);try{a.observe({entryTypes:["paint"]}),s.observe({entryTypes:["largest-contentful-paint"]})}catch(d){}}if("addEventListener"in document){var l=!1,p=["click","keydown","mousedown","pointerdown","touchstart"];p.forEach(function(t){document.addEventListener(t,i,!1)})}}},{}],19:[function(t,n,e){function r(){function t(){return n?15&amp;n[e++]:16*Math.random()|0}var n=null,e=0,r=window.crypto||window.msCrypto;r&amp;&amp;r.getRandomValues&amp;&amp;(n=r.getRandomValues(new Uint8Array(31)));for(var o,i="xxxxxxxx-xxxx-4xxx-yxxx-xxxxxxxxxxxx",a="",s=0;s&lt;i.length;s++)o=i[s],"x"===o?a+=t().toString(16):"y"===o?(o=3&amp;t()|8,a+=o.toString(16)):a+=o;return a}function o(){function t(){return n?15&amp;n[e++]:16*Math.random()|0}var n=null,e=0,r=window.crypto||window.msCrypto;r&amp;&amp;r.getRandomValues&amp;&amp;Uint8Array&amp;&amp;(n=r.getRandomValues(new Uint8Array(31)));for(var o=[],i=0;i&lt;16;i++)o.push(t().toString(16));return o.join("")}n.exports={generateUuid:r,generateCatId:o}},{}],20:[function(t,n,e){function r(t,n){if(!o)return!1;if(t!==o)return!1;if(!n)return!0;if(!i)return!1;for(var e=i.split("."),r=n.split("."),a=0;a&lt;r.length;a++)if(r[a]!==e[a])return!1;return!0}var o=null,i=null,a=/Version\/(\S+)\s+Safari/;if(navigator.userAgent){var s=navigator.userAgent,c=s.match(a);c&amp;&amp;s.indexOf("Chrome")===-1&amp;&amp;s.indexOf("Chromium")===-1&amp;&amp;(o="Safari",i=c[1])}n.exports={agent:o,version:i,match:r}},{}],21:[function(t,n,e){function r(t,n){var e=[],r="",i=0;for(r in t)o.call(t,r)&amp;&amp;(e[i]=n(r,t[r]),i+=1);return e}var o=Object.prototype.hasOwnProperty;n.exports=r},{}],22:[function(t,n,e){function r(t,n,e){n||(n=0),"undefined"==typeof e&amp;&amp;(e=t?t.length:0);for(var r=-1,o=e-n||0,i=Array(o&lt;0?0:o);++r&lt;o;)i[r]=t[n+r];return i}n.exports=r},{}],23:[function(t,n,e){n.exports={exists:"undefined"!=typeof window.performance&amp;&amp;window.performance.timing&amp;&amp;"undefined"!=typeof window.performance.timing.navigationStart}},{}],ee:[function(t,n,e){function r(){}function o(t){function n(t){return t&amp;&amp;t instanceof r?t:t?c(t,s,i):i()}function e(e,r,o,i){if(!l.aborted||i){t&amp;&amp;t(e,r,o);for(var a=n(o),s=m(e),c=s.length,f=0;f&lt;c;f++)s[f].apply(a,r);var d=u[y[e]];return d&
[...]
[1]=r}),a.on(d+"-start",function(t){t[1]=this.wrapped||t[1]})},{}],6:[function(t,n,e){function r(t,n,e){var r=t[n];"function"==typeof r&amp;&amp;(t[n]=function(){var t=i(arguments),n={};o.emit(e+"before-start",[t],n);var a;n[m]&amp;&amp;n[m].dt&amp;&amp;(a=n[m].dt);var s=r.apply(this,t);return o.emit(e+"start",[t,a],s),s.then(function(t){return o.emit(e+"end",[null,t],s),t},function(t){throw o.emit(e+"end",[t],s),t})})}var o=t("ee").get("fetch"),i=t(22),a=t(21);n.exports=o;var s=window,c="fetch-",f=c+"body-",u=["arrayBuffer","blob","json","text","formData"],d=s.Request,l=s.Response,p=s.fetch,h="prototype",m="nr@context";d&amp;&amp;l&amp;&amp;p&amp;&amp;(a(u,function(t,n){r(d[h],n,f),r(l[h],n,f)}),r(s,"fetch",c),o.on(c+"end",function(t,n){var e=this;if(n){var r=n.headers.get("content-length");null!==r&amp;&amp;(e.rxSize=r),o.emit(c+"done",[null,n],e)}else o.emit(c+"done",[t],e)}))},{}],7:[function(t,n,e){var r=t("ee").get("history"),o=t("wrap-function")(r);n.exports=r;var i=window.history&amp;&amp;window.history.constructor&amp;&amp;window.history.constructor.prototype,a=window.history;i&amp;&amp;i.pushState&amp;&amp;i.replaceState&amp;&amp;(a=i),o.inPlace(a,["pushState","replaceState"],"-")},{}],8:[function(t,n,e){var r=t("ee").get("raf"),o=t("wrap-function")(r),i="equestAnimationFrame";n.exports=r,o.inPlace(window,["r"+i,"mozR"+i,"webkitR"+i,"msR"+i],"raf-"),r.on("raf-start",function(t){t[0]=o(t[0],"fn-")})},{}],9:[function(t,n,e){function r(t,n,e){t[0]=a(t[0],"fn-",null,e)}function o(t,n,e){this.method=e,this.timerDuration=isNaN(t[1])?0:+t[1],t[0]=a(t[0],"fn-",this,e)}var i=t("ee").get("timer"),a=t("wrap-function")(i),s="setTimeout",c="setInterval",f="clearTimeout",u="-start",d="-";n.exports=i,a.inPlace(window,[s,"setImmediate"],s+d),a.inPlace(window,[c],c+d),a.inPlace(window,[f,"clearImmediate"],f+d),i.on(c+u,r),i.on(s+u,o)},{}],10:[function(t,n,e){function r(t,n){d.inPlace(n,["onreadystatechange"],"fn-",s)}function o(){var t=this,n=u.context(t);t.readyState&gt;3&amp;&amp;!n.resolved&amp;&amp;(n.resolved=!0,u.emit("xhr-resolved",[],t)),d.inPlace(t,g,"fn-",s)}function i(t){y.push(t),h&amp;&amp;(b?b.then(a):w?w(a):(E=-E,O.data=E))}function a(){for(var t=0;t&lt;y.length;t++)r([],y[t]);y.length&amp;&amp;(y=[])}function s(t,n){return n}function c(t,n){for(var e in t)n[e]=t[e];return n}t(5);var f=t("ee"),u=f.get("xhr"),d=t("wrap-function")(u),l=NREUM.o,p=l.XHR,h=l.MO,m=l.PR,w=l.SI,v="readystatechange",g=["onload","onerror","onabort","onloadstart","onloadend","onprogress","ontimeout"],y=[];n.exports=u;var x=window.XMLHttpRequest=function(t){var n=new p(t);try{u.emit("new-xhr",[n],n),n.addEventListener(v,o,!1)}catch(e){try{u.emit("internal-error",[e])}catch(r){}}return n};if(c(p,x),x.prototype=p.prototype,d.inPlace(x.prototype,["open","send"],"-xhr-",s),u.on("send-xhr-start",function(t,n){r(t,n),i(n)}),u.on("open-xhr-start",r),h){var b=m&amp;&amp;m.resolve();if(!w&amp;&amp;!m){var E=1,O=document.createTextNode(E);new h(a).observe(O,{characterData:!0})}}else f.on("fn-end",function(t){t[0]&amp;&amp;t[0].type===v||a()})},{}],11:[function(t,n,e){function r(t){if(!i(t))return null;var n=window.NREUM;if(!n.loader_config)return null;var e=(n.loader_config.accountID||"").toString()||null,r=(n.loader_config.agentID||"").toString()||null,s=(n.loader_config.trustKey||"").toString()||null;if(!e||!r)return null;var c=a.generateCatId(),f=a.generateCatId(),u=Date.now(),d=o(c,f,u,e,r,s);return{header:d,guid:c,traceId:f,timestamp:u}}function o(t,n,e,r,o,i){var a="btoa"in window&amp;&amp;"function"==typeof window.btoa;if(!a)return null;var s={v:[0,1],d:{ty:"Browser",ac:r,ap:o,id:t,tr:n,ti:e}};return i&amp;&amp;r!==i&amp;&amp;(s.d.tk=i),btoa(JSON.stringify(s))}function i(t){var n=!1,e=!1,r={};if("init"in NREUM&amp;&amp;"distributed_tracing"in NREUM.init&amp;&amp;(r=NREUM.init.distributed_tracing,e=!!r.enabled),e)if(t.sameOrigin)n=!0;else if(r.allowed_origins instanceof Array)for(var o=0;o&lt;r.allowed_origins.length;o++){var i=s(r.allowed_origins[o]);if(t.hostname===i.hostname&amp;&amp;t.protocol===i.protocol&amp;&amp;t.port===i.port){n=!0;break}}return e&amp;&amp;n}var a=t(19),s=t(13);n.exports={generateTracePayload:r,shouldGenerateTrace:i}},{}],12:[function(t,n,e){function r(t){var n=this.params,e=this.metrics;if(!this.ended){this.ended=!0;for(var r=0;r&lt;l;r++)t.removeEventListener(d[r],this.listener,!1);n.aborted||(e.duration=a.now()-this.startTime,this.loadCaptureCalled||4!==t.readyState?null==n.status&amp;&amp;(n.status=0):i(this,t),e.cbTime=this.cbTime,u.emit("xhr-done",[t],t),s("xhr",[n,e,this.startTime]))}}function o(t,n){var e=c(n),r=t.params;r.host=e.hostname+":"+e.port,r.pathname=e.pathname,t.parsedOrigin=c(n),t.sameOrigin=t.parsedOrigin.sameOrigin}function i(t,n){t.params.status=n.status;var e=w(n,t.lastSize);if(e&amp;&amp;(t.metrics.rxSize=e),t.sameOrigin){var r=n.getResponseHeader("X-NewRelic-App-Data");r&amp;&amp;(t.params.cat=r.split(", ").pop())}t.loadCaptureCalled=!0}var a=t("loader");if(a.xhrWrappable){var s=t("handle"),c=t(13),f=t(11).generateTracePayload,u=t("ee"),d=["load","error","abort","timeout"],l=d.length,p=t("id"),h=t(17),m=t(16),w=t(14),v=window.XMLHttpRequest;a.features.xhr=!0,t(10),t(6),u.on("new-xhr",function(t){var n=this;n.totalCbs=0,n.called=0,n.cbTime=0,n.end=r,n.ended=!1,n.xhrGuids={},n.lastSize=null,n.loadCaptureCalled=!1,t.addEventListener("load",function(e){i(n,t)},!1),h&amp;&amp;(h&gt;34||h&lt;10)||window.opera||t.addEventListener("progress",function(t){n.lastSize=t.loaded},!1)}),u.on("open-xhr-start",function(t){this.params={method:t[0]},o(this,t[1]),this.metrics={}}),u.on("open-xhr-end",function(t,n){"loader_config"in NREUM&amp;&amp;"xpid"in NREUM.loader_config&amp;&amp;this.sameOrigin&amp;&amp;n.setRequestHeader("X-NewRelic-ID",NREUM.loader_config.xpid);var e=f(this.parsedOrigin);e&amp;&amp;e.header&amp;&amp;(n.setRequestHeader("newrelic",e.header),this.dt=e)}),u.on("send-xhr-start",function(t,n){var e=this.metrics,r=t[0],o=this;if(e&amp;&amp;r){var i=m(r);i&amp;&amp;(e.txSize=i)}this.startTime=a.now(),this.listener=function(t){try{"abort"!==t.type||o.loadCaptureCalled||(o.params.aborted=!0),("load"!==t.type||o.called===o.totalCbs&amp;&amp;(o.onloadCalled||"function"!=typeof n.onload))&amp;&amp;o.end(n)}catch(e){try{u.emit("internal-error",[e])}catch(r){}}};for(var s=0;s&lt;l;s++)n.addEventListener(d[s],this.listener,!1)}),u.on("xhr-cb-time",function(t,n,e){this.cbTime+=t,n?this.onloadCalled=!0:this.called+=1,this.called!==this.totalCbs||!this.onloadCalled&amp;&amp;"function"==typeof e.onload||this.end(e)}),u.on("xhr-load-added",function(t,n){var e=""+p(t)+!!n;this.xhrGuids&amp;&amp;!this.xhrGuids[e]&amp;&amp;(this.xhrGuids[e]=!0,this.totalCbs+=1)}),u.on("xhr-load-removed",function(t,n){var e=""+p(t)+!!n;this.xhrGuids&amp;&amp;this.xhrGuids[e]&amp;&amp;(delete this.xhrGuids[e],this.totalCbs-=1)}),u.on("addEventListener-end",function(t,n){n instanceof v&amp;&amp;"load"===t[0]&amp;&amp;u.emit("xhr-load-added",[t[1],t[2]],n)}),u.on("removeEventListener-end",function(t,n){n instanceof v&amp;&amp;"load"===t[0]&amp;&amp;u.emit("xhr-load-removed",[t[1],t[2]],n)}),u.on("fn-start",function(t,n,e){n instanceof v&amp;&amp;("onload"===e&amp;&amp;(this.onload=!0),("load"===(t[0]&amp;&amp;t[0].type)||this.onload)&amp;&amp;(this.xhrCbStart=a.now()))}),u.on("fn-end",function(t,n){this.xhrCbStart&amp;&amp;u.emit("xhr-cb-time",[a.now()-this.xhrCbStart,this.onload,n],n)}),u.on("fetch-before-start",function(t){var n,e=t[1]||{};"string"==typeof t[0]?n=t[0]:t[0]&amp;&amp;t[0].url&amp;&amp;(n=t[0].url),n&amp;&amp;(this.parsedOrigin=c(n),this.sameOrigin=this.parsedOrigin.sameOrigin);var r=f(this.parsedOrigin);if(r&amp;&amp;r.header){var o=r.header;if("string"==typeof t[0]){var i={};for(var a in e)i[a]=e[a];i.headers=new Headers(e.headers||{}),i.headers.set("newrelic",o),this.dt=r,t.length&gt;1?t[1]=i:t.push(i)}else t[0]&amp;&amp;t[0].headers&amp;&amp;(t[0].headers.append("newrelic",o),this.dt=r)}})}},{}],13:[function(t,n,e){var r={};n.exports=function(t){if(t in r)return r[t];var n=document.createElement("a"),e=window.location,o={};n.href=t,o.port=n.port;var i=n.href.split("://");!o.port&amp;&amp;i[1]&amp;&amp;(o.port=i[1].split("/")[0].split("@").pop().split(":")[1]),o.port&amp;&amp;"0"!==o.port||(o.port="https"===i[0]?"443":"80"),o.hostname=n.hostname||e.hostname,o.pathname=n.pathname,o.protocol=i[0],"/"!==o.pathname.charAt(0)&amp;&amp;(o.pathname="/"+o.pathname);var a=!n.protocol||":"===n.protocol||n.protocol===e.protocol,s=n.hostname===document.domain&amp;&amp;n.port===e.port;return o.sameOrigin=a&amp;&amp;(!n.hostname||s),"/"===o.pathname&amp;&amp;(r[t]=o),o}},{}],14:[function(t,n,e){function r(t,n){var e=t.responseType;return"json"===e&amp;&amp;null!==n?n:"arraybuffer"===e||"blob"===e||"json"===e?o(t.response):"text"===e||""===e||void 0===e?o(t.responseText):void 0}var o=t(16);n.exports=r},{}],15:[function(t,n,e){function r(){}function o(t,n,e){return function(){return i(t,[f.now()].concat(s(arguments)),n?null:this,e),n?void 0:this}}var i=t("handle"),a=t(21),s=t(22),c=t("ee").get("tracer"),f=t("loader"),u=NREUM;"undefined"==typeof window.newrelic&amp;&amp;(newrelic=u);var d=["setPageViewName","setCustomAttribute","setErrorHandler","finished","addToTrace","inlineHit","addRelease"],l="api-",p=l+"ixn-";a(d,function(t,n){u[n]=o(l+n,!0,"api")}),u.addPageAction=o(l+"addPageAction",!0),u.setCurrentRouteName=o(l+"routeName",!0),n.exports=newrelic,u.interaction=function(){return(new r).get()};var h=r.prototype={createTracer:function(t,n){var e={},r=this,o="function"==typeof n;return i(p+"tracer",[f.now(),t,e],r),function(){if(c.emit((o?"":"no-")+"fn-start",[f.now(),r,o],e),o)try{return n.apply(this,arguments)}catch(t){throw c.emit("fn-err",[arguments,this,t],e),t}finally{c.emit("fn-end",[f.now()],e)}}}};a("actionText,setName,setAttribute,save,ignore,onEnd,getContext,end,get".split(","),function(t,n){h[n]=o(p+n)}),newrelic.noticeError=function(t,n){"string"==typeof t&amp;&amp;(t=new Error(t)),i("err",[t,f.now(),!1,n])}},{}],16:[function(t,n,e){n.exports=function(t){if("string"==typeof t&amp;&amp;t.length)return t.length;if("object"==typeof t){if("undefined"!=typeof ArrayBuffer&amp;&amp;t instanceof ArrayBuffer&amp;&amp;t.byteLength)return t.byteLength;if("undefined"!=typeof Blob&amp;&amp;t instanceof Blob&amp;&amp;t.size)return t.size;if(!("undefined"!=typeof FormData&amp;&amp;t instanceof FormData))try{return JSON.stringify(t).length}catch(n){return}}}},{}],17:[function(t,n,e){var r=0,o=navigator.userAgent.match(/Firefox[\/\s](\d+\.\d+)/);o&amp;&amp;(r=+o[1]),n.exports=r},{}],18:[function(t,n,e){function r(t,n){var e=t.getEntries();e.forEach(function(t){"first-paint"===t.name?c("timing",["fp",Math.floor(t.startTime)]):"first-contentful-paint"===t.name&amp;&amp;c("timing",["fcp",Math.floor(t.startTime)])})}function o(t,n){var e=t.getEntries();e.length&gt;0&amp;&amp;c("lcp",[e[e.length-1]])}function i(t){if(t instanceof u&amp;&amp;!l){var n,e=Math.round(t.timeStamp);n=e&gt;1e12?Date.now()-e:f.now()-e,l=!0,c("timing",["fi",e,{type:t.type,fid:n}])}}if(!("init"in NREUM&amp;&amp;"page_view_timing"in NREUM.init&amp;&amp;"enabled"in NREUM.init.page_view_timing&amp;&amp;NREUM.init.page_view_timing.enabled===!1)){var a,s,c=t("handle"),f=t("loader"),u=NREUM.o.EV;if("PerformanceObserver"in window&amp;&amp;"function"==typeof window.PerformanceObserver){a=new PerformanceObserver(r),s=new PerformanceObserver(o);try{a.observe({entryTypes:["paint"]}),s.observe({entryTypes:["largest-contentful-paint"]})}catch(d){}}if("addEventListener"in document){var l=!1,p=["click","keydown","mousedown","pointerdown","touchstart"];p.forEach(function(t){document.addEventListener(t,i,!1)})}}},{}],19:[function(t,n,e){function r(){function t(){return n?15&amp;n[e++]:16*Math.random()|0}var n=null,e=0,r=window.crypto||window.msCrypto;r&amp;&amp;r.getRandomValues&amp;&amp;(n=r.getRandomValues(new Uint8Array(31)));for(var o,i="xxxxxxxx-xxxx-4xxx-yxxx-xxxxxxxxxxxx",a="",s=0;s&lt;i.length;s++)o=i[s],"x"===o?a+=t().toString(16):"y"===o?(o=3&amp;t()|8,a+=o.toString(16)):a+=o;return a}function o(){function t(){return n?15&amp;n[e++]:16*Math.random()|0}var n=null,e=0,r=window.crypto||window.msCrypto;r&amp;&amp;r.getRandomValues&amp;&amp;Uint8Array&amp;&amp;(n=r.getRandomValues(new Uint8Array(31)));for(var o=[],i=0;i&lt;16;i++)o.push(t().toString(16));return o.join("")}n.exports={generateUuid:r,generateCatId:o}},{}],20:[function(t,n,e){function r(t,n){if(!o)return!1;if(t!==o)return!1;if(!n)return!0;if(!i)return!1;for(var e=i.split("."),r=n.split("."),a=0;a&lt;r.length;a++)if(r[a]!==e[a])return!1;return!0}var o=null,i=null,a=/Version\/(\S+)\s+Safari/;if(navigator.userAgent){var s=navigator.userAgent,c=s.match(a);c&amp;&amp;s.indexOf("Chrome")===-1&amp;&amp;s.indexOf("Chromium")===-1&amp;&amp;(o="Safari",i=c[1])}n.exports={agent:o,version:i,match:r}},{}],21:[function(t,n,e){function r(t,n){var e=[],r="",i=0;for(r in t)o.call(t,r)&amp;&amp;(e[i]=n(r,t[r]),i+=1);return e}var o=Object.prototype.hasOwnProperty;n.exports=r},{}],22:[function(t,n,e){function r(t,n,e){n||(n=0),"undefined"==typeof e&amp;&amp;(e=t?t.length:0);for(var r=-1,o=e-n||0,i=Array(o&lt;0?0:o);++r&lt;o;)i[r]=t[n+r];return i}n.exports=r},{}],23:[function(t,n,e){n.exports={exists:"undefined"!=typeof window.performance&amp;&amp;window.performance.timing&amp;&amp;"undefined"!=typeof window.performance.timing.navigationStart}},{}],ee:[function(t,n,e){function r(){}function o(t){function n(t){return t&amp;&amp;t instanceof r?t:t?c(t,s,i):i()}function e(e,r,o,i){if(!l.aborted||i){t&amp;&amp;t(e,r,o);for(var a=n(o),s=m(e),c=s.length,f=0;f&lt;c;f++)s[f].apply(a,r);var d=u[y[e]];return d&amp;&amp;d.push([x,e,r,a]),a}}function p(t,n){g[t]=m(t).concat(n)}function h(t,n){var e=g[t];if(e)for(var r=0;r&lt;e.length;r++)e[r]===n&amp;&amp;e.splice(r,1)}function m(t){return g[t]||[]}function w(t){return d[t]=d[t]||o(e)}function v(t,n){f(t,function(t,e){n=n||"feature",y[e]=n,n in u||(u[n]=[])})}var g={},y={},x={on:p,addEventListener:p,removeEventListener:h,emit:e,get:w,listeners:m,context:n,buffer:v,abort:a,aborted:!1};return x}function i(){return new r}function a(){(u.api||u.feature)&amp;&amp;(l.aborted=!0,u=l.backlog={})}var s="nr@context",c=t("gos"),f=t(21),u={},d={},l=n.exports=o();l.backlog=u},{}],gos:[function(t,n,e){function r(t,n,e){if(o.call(t,n))return t[n];var r=e();if(Object.defineProperty&amp;&amp;Object.keys)try{return Object.defineProperty(t,n,{value:r,writable:!0,enumerable:!1}),r}catch(i){}return t[n]=r,r}var o=Object.prototype.hasOwnProperty;n.exports=r},{}],handle:[function(t,n,e){function r(t,n,e,r){o.buffer([t],r),o.emit(t,n,e)}var o=t("ee").get("handle");n.exports=r,r.ee=o},{}],id:[function(t,n,e){function r(t){var n=typeof t;return!t||"object"!==n&amp;&amp;"function"!==n?-1:t===window?0:a(t,i,function(){return o++})}var o=1,i="nr@id",a=t("gos");n.exports=r},{}],loader:[function(t,n,e){function r(){if(!E++){var t=b.info=NREUM.info,n=p.getElementsByTagName("script")[0];if(setTimeout(u.abort,3e4),!(t&amp;&amp;t.licenseKey&amp;&amp;t.applicationID&amp;&amp;n))return u.abort();f(y,function(n,e){t[n]||(t[n]=e)}),c("mark",["onload",a()+b.offset],null,"api");var e=p.createElement("script");e.src="https://"+t.agent,n.parentNode.insertBefore(e,n)}}function o(){"complete"===p.readyState&amp;&amp;i()}function i(){c("mark",["domContent",a()+b.offset],null,"api")}function a(){return O.exists&amp;&amp;performance.now?Math.round(performance.now()):(s=Math.max((new Date).getTime(),s))-b.offset}var s=(new Date).getTime(),c=t("handle"),f=t(21),u=t("ee"),d=t(20),l=window,p=l.document,h="addEventListener",m="attachEvent",w=l.XMLHttpRequest,v=w&amp;&amp;w.prototype;NREUM.o={ST:setTimeout,SI:l.setImmediate,CT:clearTimeout,XHR:w,REQ:l.Request,EV:l.Event,PR:l.Promise,MO:l.MutationObserver};var g=""+location,y={beacon:"bam.nr-data.net",errorBeacon:"bam.nr-data.net",agent:"js-agent.newrelic.com/nr-1169.min.js"},x=w&amp;&amp;v&amp;&amp;v[h]&amp;&amp;!/CriOS/.test(navigator.userAgent),b=n.exports={offset:s,now:a,origin:g,features:{},xhrWrappable:x,userAgent:d};t(15),t(18),p[h]?(p[h]("DOMContentLoaded",i,!1),l[h]("load",r,!1)):(p[m]("onreadystatechange",o),l[m]("onload",r)),c("mark",["firstbyte",s],null,"api");var E=0,O=t(23)},{}],"wrap-function":[function(t,n,e){function r(t){return!(t&amp;&amp;t instanceof Function&amp;&amp;t.apply&amp;&amp;!t[a])}var o=t("ee"),i=t(22),a="nr@original",s=Object.prototype.hasOwnProperty,c=!1;n.exports=function(t,n){function e(t,n,e,o){function nrWrapper(){var r,a,s,c;try{a=this,r=i(arguments),s="function"==typeof e?e(r,a):e||{}}catch(f){l([f,"",[r,a,o],s])}u(n+"start",[r,a,o],s);try{return c=t.apply(a,r)}catch(d){throw u(n+"err",[r,a,d],s),d}finally{u(n+"end",[r,a,c],s)}}return r(t)?t:(n||(n=""),nrWrapper[a]=t,d(t,nrWrapper),nrWrapper)}function f(t,n,o,i){o||(o="");var a,s,c,f="-"===o.charAt(0);for(c=0;c&lt;n.length;c++)s=n[c],a=t[s],r(a)||(t[s]=e(a,f?s+o:o,i,s))}function u(e,r,o){if(!c||n){var i=c;c=!0;try{t.emit(e,r,o,n)}catch(a){l([a,e,r,o])}c=i}}function d(t,n){if(Object.defineProperty&amp;&amp;Object.keys)try{var e=Object.keys(t);return e.forEach(function(e){Object.defineProperty(n,e,{get:function(){return t[e]},set:function(n){return t[e]=n,n}})}),n}catch(r){l([r])}for(var o in t)s.call(t,o)&amp;&amp;(n[o]=t[o]);return n}function l(n){try{t.emit("internal-error",n)}catch(e){}}return t||(t=o),e.inPlace=f,e.flag=a,e}},{}]},{},["loader",2,12,4,3]);&lt;/script&gt;
&lt;title&gt;Method not allowed&lt;/title&gt;
&lt;style&gt;
            body{
                margin:0;
                padding:30px;
                font:12px/1.5 Helvetica,Arial,Verdana,sans-serif;
            }
            h1{
                margin:0;
                font-size:48px;
                font-weight:normal;
                line-height:48px;
            }
        &lt;/style&gt;
&lt;/head&gt;
&lt;body&gt;
&lt;h1&gt;Method not allowed&lt;/h1&gt;
&lt;p&gt;Method not allowed. Must be one of: &lt;strong&gt;OPTIONS&lt;/strong&gt;&lt;/p&gt;
&lt;script type="text/javascript"&gt;window.NREUM||(NREUM={});NREUM.info={"beacon":"bam.nr-data.net","licenseKey":"1fc0fe9bd8","applicationID":"216198287","transactionName":"NFcAbBZYVxYFUUBdCQ0dN0oNFlgVDR1CB0kKXAZdHBdJDRQ=","queueTime":0,"applicationTime":174,"atts":"GBAXGl5CRElGUxYOHR5P","errorBeacon":"bam.nr-data.net","agent":""}&lt;/script&gt;&lt;/body&gt;
&lt;/html&gt;</msg>
<status status="PASS" starttime="20200707 11:19:20.252" endtime="20200707 11:19:20.254"></status>
</kw>
<kw name="Set Test Variable" library="BuiltIn">
<doc>Makes a variable available everywhere within the scope of the current test.</doc>
<arguments>
<arg>${RESPOSTA}</arg>
</arguments>
<msg timestamp="20200707 11:19:20.254" level="INFO">${RESPOSTA} = &lt;Response [405]&gt;</msg>
<status status="PASS" starttime="20200707 11:19:20.254" endtime="20200707 11:19:20.254"></status>
</kw>
<status status="PASS" starttime="20200707 11:19:20.252" endtime="20200707 11:19:20.254"></status>
</kw>
<status status="PASS" starttime="20200707 11:19:20.252" endtime="20200707 11:19:20.255"></status>
</kw>
<status status="PASS" starttime="20200707 11:19:20.252" endtime="20200707 11:19:20.255"></status>
</kw>
<status status="PASS" starttime="20200707 11:19:20.251" endtime="20200707 11:19:20.255"></status>
</kw>
<status status="PASS" starttime="20200707 11:19:19.601" endtime="20200707 11:19:20.256" critical="yes"></status>
</test>
<doc>Suíte de testes API de CEP com o Robot Framework</doc>
<status status="PASS" starttime="20200707 11:19:17.800" endtime="20200707 11:19:20.258"></status>
</suite>
<status status="PASS" starttime="20200707 11:19:17.773" endtime="20200707 11:19:20.264"></status>
</suite>
<statistics>
<total>
<stat pass="3" fail="0">Critical Tests</stat>
<stat pass="3" fail="0">All Tests</stat>
</total>
<tag>
</tag>
<suite>
<stat pass="3" fail="0" id="s1" name="Testes">Testes</stat>
<stat pass="3" fail="0" id="s1-s1" name="TestCasesAPIRequests">Testes.TestCasesAPIRequests</stat>
</suite>
</statistics>
<errors>
</errors>
</robot>
